<?xml version="1.0" encoding="UTF-8"?>
<coverage generated="1776686172924" clover="3.2.0">
  <project timestamp="1776686172924" name="All files">
    <metrics statements="529" coveredstatements="272" conditionals="495" coveredconditionals="213" methods="162" coveredmethods="84" elements="1186" coveredelements="569" complexity="0" loc="529" ncloc="529" packages="5" files="14" classes="14"/>
    <package name="src">
      <metrics statements="17" coveredstatements="13" conditionals="14" coveredconditionals="8" methods="6" coveredmethods="5"/>
      <file name="App.jsx" path="D:\AI Crowd Intelligence and Smart Stadium Assistant\src\App.jsx">
        <metrics statements="17" coveredstatements="13" conditionals="14" coveredconditionals="8" methods="6" coveredmethods="5"/>
        <line num="8" count="1" type="stmt"/>
        <line num="15" count="2" type="cond" truecount="1" falsecount="1"/>
        <line num="17" count="2" type="stmt"/>
        <line num="18" count="2" type="stmt"/>
        <line num="19" count="2" type="cond" truecount="1" falsecount="1"/>
        <line num="21" count="0" type="stmt"/>
        <line num="26" count="2" type="stmt"/>
        <line num="28" count="2" type="stmt"/>
        <line num="29" count="2" type="cond" truecount="1" falsecount="1"/>
        <line num="31" count="2" type="cond" truecount="1" falsecount="1"/>
        <line num="32" count="0" type="stmt"/>
        <line num="33" count="0" type="stmt"/>
        <line num="36" count="2" type="stmt"/>
        <line num="39" count="2" type="stmt"/>
        <line num="81" count="6" type="stmt"/>
        <line num="85" count="6" type="stmt"/>
        <line num="110" count="0" type="stmt"/>
      </file>
    </package>
    <package name="src.components">
      <metrics statements="71" coveredstatements="33" conditionals="120" coveredconditionals="65" methods="31" coveredmethods="14"/>
      <file name="ChatAssistant.jsx" path="D:\AI Crowd Intelligence and Smart Stadium Assistant\src\components\ChatAssistant.jsx">
        <metrics statements="30" coveredstatements="1" conditionals="25" coveredconditionals="0" methods="12" coveredmethods="0"/>
        <line num="5" count="2" type="stmt"/>
        <line num="20" count="0" type="stmt"/>
        <line num="21" count="0" type="stmt"/>
        <line num="27" count="0" type="stmt"/>
        <line num="28" count="0" type="stmt"/>
        <line num="30" count="0" type="stmt"/>
        <line num="31" count="0" type="stmt"/>
        <line num="39" count="0" type="stmt"/>
        <line num="40" count="0" type="stmt"/>
        <line num="42" count="0" type="cond" truecount="0" falsecount="2"/>
        <line num="44" count="0" type="stmt"/>
        <line num="47" count="0" type="stmt"/>
        <line num="48" count="0" type="cond" truecount="0" falsecount="2"/>
        <line num="50" count="0" type="cond" truecount="0" falsecount="4"/>
        <line num="52" count="0" type="stmt"/>
        <line num="53" count="0" type="stmt"/>
        <line num="54" count="0" type="stmt"/>
        <line num="55" count="0" type="stmt"/>
        <line num="57" count="0" type="stmt"/>
        <line num="59" count="0" type="stmt"/>
        <line num="60" count="0" type="stmt"/>
        <line num="63" count="0" type="stmt"/>
        <line num="101" count="0" type="stmt"/>
        <line num="104" count="0" type="stmt"/>
        <line num="127" count="0" type="stmt"/>
        <line num="155" count="0" type="stmt"/>
        <line num="157" count="0" type="cond" truecount="0" falsecount="2"/>
        <line num="158" count="0" type="stmt"/>
        <line num="159" count="0" type="stmt"/>
        <line num="167" count="0" type="stmt"/>
      </file>
      <file name="Heatmap.jsx" path="D:\AI Crowd Intelligence and Smart Stadium Assistant\src\components\Heatmap.jsx">
        <metrics statements="7" coveredstatements="0" conditionals="2" coveredconditionals="0" methods="3" coveredmethods="0"/>
        <line num="4" count="0" type="stmt"/>
        <line num="6" count="0" type="stmt"/>
        <line num="42" count="0" type="stmt"/>
        <line num="43" count="0" type="stmt"/>
        <line num="44" count="0" type="stmt"/>
        <line num="70" count="0" type="stmt"/>
        <line num="71" count="0" type="stmt"/>
      </file>
      <file name="Map.jsx" path="D:\AI Crowd Intelligence and Smart Stadium Assistant\src\components\Map.jsx">
        <metrics statements="34" coveredstatements="32" conditionals="93" coveredconditionals="65" methods="16" coveredmethods="14"/>
        <line num="7" count="2" type="stmt"/>
        <line num="18" count="2" type="stmt"/>
        <line num="19" count="2" type="stmt"/>
        <line num="22" count="21" type="stmt"/>
        <line num="26" count="7" type="stmt"/>
        <line num="27" count="70" type="stmt"/>
        <line num="30" count="7" type="cond" truecount="1" falsecount="1"/>
        <line num="32" count="21" type="cond" truecount="2" falsecount="0"/>
        <line num="36" count="7" type="stmt"/>
        <line num="37" count="7" type="cond" truecount="1" falsecount="1"/>
        <line num="39" count="7" type="stmt"/>
        <line num="40" count="3" type="stmt"/>
        <line num="41" count="3" type="stmt"/>
        <line num="44" count="23" type="cond" truecount="1" falsecount="1"/>
        <line num="45" count="7" type="cond" truecount="1" falsecount="1"/>
        <line num="46" count="7" type="cond" truecount="2" falsecount="0"/>
        <line num="49" count="7" type="stmt"/>
        <line num="50" count="7" type="stmt"/>
        <line num="54" count="7" type="cond" truecount="1" falsecount="1"/>
        <line num="57" count="7" type="cond" truecount="3" falsecount="2"/>
        <line num="62" count="7" type="cond" truecount="1" falsecount="1"/>
        <line num="63" count="7" type="stmt"/>
        <line num="64" count="7" type="stmt"/>
        <line num="66" count="7" type="stmt"/>
        <line num="87" count="56" type="stmt"/>
        <line num="92" count="0" type="stmt"/>
        <line num="235" count="77" type="stmt"/>
        <line num="236" count="77" type="stmt"/>
        <line num="237" count="77" type="stmt"/>
        <line num="238" count="77" type="stmt"/>
        <line num="240" count="77" type="cond" truecount="2" falsecount="0"/>
        <line num="246" count="77" type="stmt"/>
        <line num="249" count="0" type="stmt"/>
        <line num="326" count="21" type="stmt"/>
      </file>
    </package>
    <package name="src.data">
      <metrics statements="0" coveredstatements="0" conditionals="0" coveredconditionals="0" methods="0" coveredmethods="0"/>
      <file name="crowdData.json" path="D:\AI Crowd Intelligence and Smart Stadium Assistant\src\data\crowdData.json">
        <metrics statements="0" coveredstatements="0" conditionals="0" coveredconditionals="0" methods="0" coveredmethods="0"/>
      </file>
      <file name="stallsData.json" path="D:\AI Crowd Intelligence and Smart Stadium Assistant\src\data\stallsData.json">
        <metrics statements="0" coveredstatements="0" conditionals="0" coveredconditionals="0" methods="0" coveredmethods="0"/>
      </file>
    </package>
    <package name="src.pages">
      <metrics statements="156" coveredstatements="81" conditionals="140" coveredconditionals="51" methods="69" coveredmethods="31"/>
      <file name="Dashboard.jsx" path="D:\AI Crowd Intelligence and Smart Stadium Assistant\src\pages\Dashboard.jsx">
        <metrics statements="106" coveredstatements="74" conditionals="86" coveredconditionals="47" methods="44" coveredmethods="27"/>
        <line num="21" count="2" type="stmt"/>
        <line num="22" count="2" type="stmt"/>
        <line num="29" count="26" type="stmt"/>
        <line num="30" count="193" type="stmt"/>
        <line num="32" count="26" type="cond" truecount="3" falsecount="1"/>
        <line num="34" count="26" type="stmt"/>
        <line num="35" count="26" type="stmt"/>
        <line num="36" count="26" type="stmt"/>
        <line num="37" count="26" type="stmt"/>
        <line num="41" count="7" type="stmt"/>
        <line num="42" count="7" type="stmt"/>
        <line num="44" count="7" type="stmt"/>
        <line num="45" count="7" type="stmt"/>
        <line num="46" count="7" type="stmt"/>
        <line num="47" count="7" type="stmt"/>
        <line num="48" count="7" type="stmt"/>
        <line num="49" count="7" type="stmt"/>
        <line num="50" count="7" type="stmt"/>
        <line num="51" count="7" type="stmt"/>
        <line num="52" count="7" type="stmt"/>
        <line num="54" count="7" type="stmt"/>
        <line num="55" count="3" type="cond" truecount="1" falsecount="1"/>
        <line num="56" count="0" type="stmt"/>
        <line num="58" count="3" type="stmt"/>
        <line num="62" count="7" type="stmt"/>
        <line num="63" count="3" type="stmt"/>
        <line num="64" count="3" type="cond" truecount="2" falsecount="0"/>
        <line num="65" count="3" type="cond" truecount="1" falsecount="1"/>
        <line num="66" count="0" type="stmt"/>
        <line num="69" count="3" type="stmt"/>
        <line num="72" count="7" type="stmt"/>
        <line num="73" count="3" type="stmt"/>
        <line num="74" count="3" type="stmt"/>
        <line num="75" count="3" type="stmt"/>
        <line num="76" count="3" type="stmt"/>
        <line num="79" count="7" type="stmt"/>
        <line num="80" count="3" type="stmt"/>
        <line num="81" count="0" type="stmt"/>
        <line num="82" count="0" type="stmt"/>
        <line num="83" count="0" type="stmt"/>
        <line num="86" count="3" type="stmt"/>
        <line num="89" count="7" type="stmt"/>
        <line num="90" count="3" type="cond" truecount="1" falsecount="1"/>
        <line num="92" count="0" type="stmt"/>
        <line num="93" count="0" type="cond" truecount="0" falsecount="2"/>
        <line num="94" count="0" type="stmt"/>
        <line num="95" count="0" type="stmt"/>
        <line num="98" count="0" type="stmt"/>
        <line num="99" count="0" type="stmt"/>
        <line num="102" count="0" type="stmt"/>
        <line num="103" count="0" type="stmt"/>
        <line num="104" count="0" type="stmt"/>
        <line num="108" count="7" type="stmt"/>
        <line num="110" count="33" type="stmt"/>
        <line num="117" count="7" type="stmt"/>
        <line num="119" count="12" type="stmt"/>
        <line num="129" count="7" type="stmt"/>
        <line num="130" count="7" type="stmt"/>
        <line num="131" count="7" type="stmt"/>
        <line num="132" count="7" type="stmt"/>
        <line num="133" count="182" type="stmt"/>
        <line num="134" count="203" type="stmt"/>
        <line num="136" count="7" type="stmt"/>
        <line num="138" count="3" type="stmt"/>
        <line num="140" count="12" type="stmt"/>
        <line num="141" count="12" type="stmt"/>
        <line num="147" count="15" type="stmt"/>
        <line num="151" count="7" type="stmt"/>
        <line num="152" count="7" type="cond" truecount="1" falsecount="1"/>
        <line num="153" count="7" type="stmt"/>
        <line num="154" count="7" type="stmt"/>
        <line num="155" count="7" type="stmt"/>
        <line num="156" count="7" type="stmt"/>
        <line num="158" count="7" type="stmt"/>
        <line num="159" count="33" type="stmt"/>
        <line num="160" count="15" type="stmt"/>
        <line num="161" count="15" type="stmt"/>
        <line num="169" count="7" type="cond" truecount="1" falsecount="1"/>
        <line num="187" count="7" type="stmt"/>
        <line num="189" count="7" type="stmt"/>
        <line num="190" count="0" type="stmt"/>
        <line num="191" count="0" type="stmt"/>
        <line num="192" count="0" type="stmt"/>
        <line num="195" count="7" type="stmt"/>
        <line num="196" count="0" type="cond" truecount="0" falsecount="2"/>
        <line num="197" count="0" type="stmt"/>
        <line num="199" count="0" type="cond" truecount="0" falsecount="2"/>
        <line num="201" count="0" type="stmt"/>
        <line num="202" count="0" type="stmt"/>
        <line num="203" count="0" type="stmt"/>
        <line num="207" count="7" type="cond" truecount="1" falsecount="1"/>
        <line num="213" count="7" type="stmt"/>
        <line num="250" count="1" type="stmt"/>
        <line num="251" count="1" type="stmt"/>
        <line num="252" count="1" type="cond" truecount="1" falsecount="1"/>
        <line num="253" count="0" type="stmt"/>
        <line num="255" count="1" type="stmt"/>
        <line num="327" count="0" type="stmt"/>
        <line num="436" count="0" type="stmt"/>
        <line num="481" count="21" type="stmt"/>
        <line num="515" count="0" type="stmt"/>
        <line num="557" count="0" type="stmt"/>
        <line num="583" count="0" type="stmt"/>
        <line num="587" count="0" type="stmt"/>
        <line num="609" count="0" type="stmt"/>
        <line num="624" count="0" type="stmt"/>
      </file>
      <file name="Entry.jsx" path="D:\AI Crowd Intelligence and Smart Stadium Assistant\src\pages\Entry.jsx">
        <metrics statements="21" coveredstatements="0" conditionals="22" coveredconditionals="0" methods="9" coveredmethods="0"/>
        <line num="5" count="0" type="stmt"/>
        <line num="6" count="0" type="stmt"/>
        <line num="7" count="0" type="stmt"/>
        <line num="9" count="0" type="stmt"/>
        <line num="19" count="0" type="stmt"/>
        <line num="20" count="0" type="cond" truecount="0" falsecount="2"/>
        <line num="21" count="0" type="stmt"/>
        <line num="22" count="0" type="stmt"/>
        <line num="24" count="0" type="cond" truecount="0" falsecount="2"/>
        <line num="25" count="0" type="stmt"/>
        <line num="26" count="0" type="stmt"/>
        <line num="28" count="0" type="cond" truecount="0" falsecount="2"/>
        <line num="29" count="0" type="stmt"/>
        <line num="30" count="0" type="stmt"/>
        <line num="31" count="0" type="stmt"/>
        <line num="33" count="0" type="stmt"/>
        <line num="37" count="0" type="stmt"/>
        <line num="38" count="0" type="stmt"/>
        <line num="39" count="0" type="stmt"/>
        <line num="40" count="0" type="stmt"/>
        <line num="43" count="0" type="stmt"/>
      </file>
      <file name="Home.jsx" path="D:\AI Crowd Intelligence and Smart Stadium Assistant\src\pages\Home.jsx">
        <metrics statements="6" coveredstatements="6" conditionals="8" coveredconditionals="4" methods="4" coveredmethods="4"/>
        <line num="3" count="1" type="stmt"/>
        <line num="22" count="1" type="stmt"/>
        <line num="32" count="2" type="stmt"/>
        <line num="95" count="24" type="stmt"/>
        <line num="104" count="8" type="stmt"/>
        <line num="139" count="8" type="stmt"/>
      </file>
      <file name="OpsDashboard.jsx" path="D:\AI Crowd Intelligence and Smart Stadium Assistant\src\pages\OpsDashboard.jsx">
        <metrics statements="23" coveredstatements="1" conditionals="24" coveredconditionals="0" methods="12" coveredmethods="0"/>
        <line num="5" count="1" type="stmt"/>
        <line num="8" count="0" type="stmt"/>
        <line num="9" count="0" type="stmt"/>
        <line num="11" count="0" type="stmt"/>
        <line num="12" count="0" type="stmt"/>
        <line num="14" count="0" type="stmt"/>
        <line num="15" count="0" type="stmt"/>
        <line num="16" count="0" type="cond" truecount="0" falsecount="2"/>
        <line num="17" count="0" type="cond" truecount="0" falsecount="2"/>
        <line num="18" count="0" type="stmt"/>
        <line num="21" count="0" type="stmt"/>
        <line num="24" count="0" type="stmt"/>
        <line num="25" count="0" type="stmt"/>
        <line num="28" count="0" type="stmt"/>
        <line num="29" count="0" type="stmt"/>
        <line num="32" count="0" type="stmt"/>
        <line num="76" count="0" type="stmt"/>
        <line num="79" count="0" type="stmt"/>
        <line num="102" count="0" type="stmt"/>
        <line num="111" count="0" type="stmt"/>
        <line num="134" count="0" type="cond" truecount="0" falsecount="2"/>
        <line num="135" count="0" type="cond" truecount="0" falsecount="2"/>
        <line num="137" count="0" type="stmt"/>
      </file>
    </package>
    <package name="src.utils">
      <metrics statements="285" coveredstatements="145" conditionals="221" coveredconditionals="89" methods="56" coveredmethods="34"/>
      <file name="chat.js" path="D:\AI Crowd Intelligence and Smart Stadium Assistant\src\utils\chat.js">
        <metrics statements="90" coveredstatements="2" conditionals="78" coveredconditionals="1" methods="16" coveredmethods="0"/>
        <line num="5" count="2" type="stmt"/>
        <line num="13" count="0" type="cond" truecount="0" falsecount="2"/>
        <line num="14" count="0" type="stmt"/>
        <line num="17" count="2" type="cond" truecount="1" falsecount="1"/>
        <line num="24" count="0" type="cond" truecount="0" falsecount="2"/>
        <line num="25" count="0" type="stmt"/>
        <line num="28" count="0" type="stmt"/>
        <line num="32" count="0" type="stmt"/>
        <line num="40" count="0" type="stmt"/>
        <line num="41" count="0" type="stmt"/>
        <line num="42" count="0" type="stmt"/>
        <line num="44" count="0" type="stmt"/>
        <line num="45" count="0" type="stmt"/>
        <line num="47" count="0" type="stmt"/>
        <line num="48" count="0" type="stmt"/>
        <line num="49" count="0" type="cond" truecount="0" falsecount="2"/>
        <line num="50" count="0" type="stmt"/>
        <line num="58" count="0" type="stmt"/>
        <line num="62" count="0" type="stmt"/>
        <line num="63" count="0" type="stmt"/>
        <line num="64" count="0" type="cond" truecount="0" falsecount="2"/>
        <line num="65" count="0" type="cond" truecount="0" falsecount="4"/>
        <line num="66" count="0" type="cond" truecount="0" falsecount="2"/>
        <line num="72" count="0" type="cond" truecount="0" falsecount="2"/>
        <line num="73" count="0" type="stmt"/>
        <line num="76" count="0" type="stmt"/>
        <line num="80" count="0" type="stmt"/>
        <line num="81" count="0" type="stmt"/>
        <line num="82" count="0" type="stmt"/>
        <line num="83" count="0" type="stmt"/>
        <line num="84" count="0" type="stmt"/>
        <line num="85" count="0" type="stmt"/>
        <line num="86" count="0" type="stmt"/>
        <line num="87" count="0" type="stmt"/>
        <line num="88" count="0" type="stmt"/>
        <line num="89" count="0" type="stmt"/>
        <line num="90" count="0" type="stmt"/>
        <line num="91" count="0" type="stmt"/>
        <line num="92" count="0" type="stmt"/>
        <line num="93" count="0" type="stmt"/>
        <line num="94" count="0" type="stmt"/>
        <line num="95" count="0" type="stmt"/>
        <line num="96" count="0" type="stmt"/>
        <line num="97" count="0" type="stmt"/>
        <line num="98" count="0" type="stmt"/>
        <line num="99" count="0" type="stmt"/>
        <line num="100" count="0" type="stmt"/>
        <line num="101" count="0" type="stmt"/>
        <line num="103" count="0" type="cond" truecount="0" falsecount="2"/>
        <line num="107" count="0" type="cond" truecount="0" falsecount="2"/>
        <line num="112" count="0" type="cond" truecount="0" falsecount="2"/>
        <line num="116" count="0" type="stmt"/>
        <line num="119" count="0" type="cond" truecount="0" falsecount="4"/>
        <line num="120" count="0" type="stmt"/>
        <line num="123" count="0" type="cond" truecount="0" falsecount="4"/>
        <line num="124" count="0" type="cond" truecount="0" falsecount="2"/>
        <line num="127" count="0" type="cond" truecount="0" falsecount="4"/>
        <line num="128" count="0" type="stmt"/>
        <line num="131" count="0" type="cond" truecount="0" falsecount="4"/>
        <line num="132" count="0" type="stmt"/>
        <line num="135" count="0" type="cond" truecount="0" falsecount="4"/>
        <line num="136" count="0" type="stmt"/>
        <line num="139" count="0" type="cond" truecount="0" falsecount="4"/>
        <line num="140" count="0" type="stmt"/>
        <line num="143" count="0" type="cond" truecount="0" falsecount="4"/>
        <line num="144" count="0" type="cond" truecount="0" falsecount="2"/>
        <line num="147" count="0" type="cond" truecount="0" falsecount="2"/>
        <line num="148" count="0" type="cond" truecount="0" falsecount="2"/>
        <line num="153" count="0" type="stmt"/>
        <line num="158" count="0" type="stmt"/>
        <line num="159" count="0" type="cond" truecount="0" falsecount="2"/>
        <line num="161" count="0" type="stmt"/>
        <line num="163" count="0" type="stmt"/>
        <line num="164" count="0" type="stmt"/>
        <line num="165" count="0" type="stmt"/>
        <line num="168" count="0" type="stmt"/>
        <line num="169" count="0" type="stmt"/>
        <line num="171" count="0" type="stmt"/>
        <line num="172" count="0" type="stmt"/>
        <line num="174" count="0" type="stmt"/>
        <line num="175" count="0" type="cond" truecount="0" falsecount="2"/>
        <line num="176" count="0" type="stmt"/>
        <line num="179" count="0" type="stmt"/>
        <line num="197" count="0" type="cond" truecount="0" falsecount="4"/>
        <line num="198" count="0" type="stmt"/>
        <line num="199" count="0" type="stmt"/>
        <line num="202" count="0" type="stmt"/>
        <line num="211" count="0" type="cond" truecount="0" falsecount="2"/>
        <line num="214" count="0" type="stmt"/>
        <line num="215" count="0" type="stmt"/>
      </file>
      <file name="firebase.js" path="D:\AI Crowd Intelligence and Smart Stadium Assistant\src\utils\firebase.js">
        <metrics statements="39" coveredstatements="16" conditionals="18" coveredconditionals="7" methods="5" coveredmethods="3"/>
        <line num="6" count="2" type="stmt"/>
        <line num="16" count="2" type="stmt"/>
        <line num="17" count="2" type="stmt"/>
        <line num="18" count="2" type="stmt"/>
        <line num="19" count="2" type="stmt"/>
        <line num="22" count="2" type="cond" truecount="2" falsecount="2"/>
        <line num="23" count="0" type="stmt"/>
        <line num="24" count="0" type="stmt"/>
        <line num="27" count="0" type="stmt"/>
        <line num="28" count="0" type="stmt"/>
        <line num="31" count="0" type="stmt"/>
        <line num="32" count="0" type="stmt"/>
        <line num="33" count="0" type="stmt"/>
        <line num="37" count="0" type="stmt"/>
        <line num="39" count="0" type="stmt"/>
        <line num="40" count="0" type="stmt"/>
        <line num="42" count="0" type="stmt"/>
        <line num="45" count="2" type="stmt"/>
        <line num="48" count="2" type="stmt"/>
        <line num="49" count="3" type="cond" truecount="1" falsecount="1"/>
        <line num="52" count="2" type="stmt"/>
        <line num="53" count="0" type="cond" truecount="0" falsecount="2"/>
        <line num="59" count="2" type="stmt"/>
        <line num="60" count="1" type="cond" truecount="2" falsecount="2"/>
        <line num="61" count="0" type="stmt"/>
        <line num="62" count="0" type="stmt"/>
        <line num="63" count="0" type="stmt"/>
        <line num="65" count="0" type="stmt"/>
        <line num="66" count="0" type="stmt"/>
        <line num="70" count="1" type="stmt"/>
        <line num="76" count="2" type="stmt"/>
        <line num="77" count="3" type="cond" truecount="2" falsecount="2"/>
        <line num="78" count="0" type="stmt"/>
        <line num="79" count="0" type="stmt"/>
        <line num="80" count="0" type="stmt"/>
        <line num="81" count="0" type="cond" truecount="0" falsecount="2"/>
        <line num="83" count="0" type="stmt"/>
        <line num="84" count="0" type="stmt"/>
        <line num="87" count="3" type="stmt"/>
      </file>
      <file name="prediction.js" path="D:\AI Crowd Intelligence and Smart Stadium Assistant\src\utils\prediction.js">
        <metrics statements="54" coveredstatements="43" conditionals="54" coveredconditionals="32" methods="22" coveredmethods="20"/>
        <line num="7" count="271" type="cond" truecount="2" falsecount="0"/>
        <line num="8" count="215" type="cond" truecount="2" falsecount="0"/>
        <line num="9" count="59" type="stmt"/>
        <line num="18" count="77" type="cond" truecount="2" falsecount="0"/>
        <line num="19" count="63" type="cond" truecount="2" falsecount="0"/>
        <line num="20" count="21" type="stmt"/>
        <line num="29" count="0" type="cond" truecount="0" falsecount="2"/>
        <line num="30" count="0" type="cond" truecount="0" falsecount="2"/>
        <line num="31" count="0" type="stmt"/>
        <line num="41" count="14" type="stmt"/>
        <line num="45" count="47" type="stmt"/>
        <line num="53" count="47" type="cond" truecount="1" falsecount="1"/>
        <line num="57" count="0" type="stmt"/>
        <line num="65" count="0" type="cond" truecount="0" falsecount="2"/>
        <line num="69" count="217" type="stmt"/>
        <line num="71" count="217" type="cond" truecount="2" falsecount="3"/>
        <line num="72" count="0" type="stmt"/>
        <line num="73" count="217" type="cond" truecount="2" falsecount="3"/>
        <line num="74" count="0" type="stmt"/>
        <line num="75" count="217" type="cond" truecount="5" falsecount="0"/>
        <line num="76" count="63" type="stmt"/>
        <line num="79" count="217" type="stmt"/>
        <line num="84" count="7" type="stmt"/>
        <line num="85" count="77" type="stmt"/>
        <line num="89" count="77" type="cond" truecount="2" falsecount="0"/>
        <line num="91" count="7" type="cond" truecount="1" falsecount="1"/>
        <line num="92" count="7" type="stmt"/>
        <line num="93" count="7" type="cond" truecount="1" falsecount="1"/>
        <line num="94" count="14" type="cond" truecount="3" falsecount="0"/>
        <line num="97" count="7" type="stmt"/>
        <line num="107" count="0" type="stmt"/>
        <line num="112" count="16" type="stmt"/>
        <line num="113" count="16" type="stmt"/>
        <line num="115" count="16" type="cond" truecount="1" falsecount="1"/>
        <line num="116" count="0" type="stmt"/>
        <line num="119" count="16" type="cond" truecount="1" falsecount="1"/>
        <line num="120" count="0" type="stmt"/>
        <line num="121" count="16" type="cond" truecount="1" falsecount="1"/>
        <line num="122" count="16" type="stmt"/>
        <line num="124" count="0" type="stmt"/>
        <line num="129" count="203" type="stmt"/>
        <line num="130" count="35" type="stmt"/>
        <line num="132" count="7" type="stmt"/>
        <line num="142" count="7" type="stmt"/>
        <line num="175" count="7" type="cond" truecount="1" falsecount="1"/>
        <line num="179" count="182" type="stmt"/>
        <line num="180" count="7" type="stmt"/>
        <line num="181" count="7" type="stmt"/>
        <line num="182" count="35" type="stmt"/>
        <line num="184" count="7" type="stmt"/>
        <line num="210" count="203" type="stmt"/>
        <line num="211" count="7" type="stmt"/>
        <line num="212" count="28" type="stmt"/>
        <line num="215" count="7" type="stmt"/>
      </file>
      <file name="routing.js" path="D:\AI Crowd Intelligence and Smart Stadium Assistant\src\utils\routing.js">
        <metrics statements="102" coveredstatements="84" conditionals="71" coveredconditionals="49" methods="13" coveredmethods="11"/>
        <line num="3" count="3" type="stmt"/>
        <line num="9" count="3" type="stmt"/>
        <line num="15" count="3" type="stmt"/>
        <line num="50" count="3" type="stmt"/>
        <line num="65" count="154" type="stmt"/>
        <line num="66" count="154" type="stmt"/>
        <line num="67" count="154" type="stmt"/>
        <line num="84" count="16" type="cond" truecount="1" falsecount="1"/>
        <line num="85" count="0" type="stmt"/>
        <line num="88" count="162" type="stmt"/>
        <line num="89" count="16" type="stmt"/>
        <line num="90" count="16" type="stmt"/>
        <line num="91" count="16" type="stmt"/>
        <line num="93" count="16" type="stmt"/>
        <line num="94" count="162" type="stmt"/>
        <line num="95" count="162" type="stmt"/>
        <line num="96" count="162" type="stmt"/>
        <line num="99" count="16" type="stmt"/>
        <line num="101" count="16" type="stmt"/>
        <line num="102" count="1010" type="stmt"/>
        <line num="103" count="74" type="stmt"/>
        <line num="105" count="74" type="cond" truecount="2" falsecount="0"/>
        <line num="106" count="60" type="cond" truecount="2" falsecount="0"/>
        <line num="108" count="212" type="stmt"/>
        <line num="109" count="58" type="cond" truecount="1" falsecount="1"/>
        <line num="111" count="74" type="stmt"/>
        <line num="112" count="174" type="cond" truecount="2" falsecount="0"/>
        <line num="114" count="692" type="stmt"/>
        <line num="117" count="128" type="cond" truecount="4" falsecount="0"/>
        <line num="118" count="2" type="stmt"/>
        <line num="121" count="126" type="stmt"/>
        <line num="125" count="126" type="stmt"/>
        <line num="129" count="126" type="stmt"/>
        <line num="130" count="126" type="cond" truecount="1" falsecount="1"/>
        <line num="131" count="174" type="stmt"/>
        <line num="133" count="174" type="cond" truecount="2" falsecount="0"/>
        <line num="134" count="56" type="stmt"/>
        <line num="137" count="126" type="stmt"/>
        <line num="139" count="126" type="stmt"/>
        <line num="141" count="126" type="cond" truecount="2" falsecount="0"/>
        <line num="142" count="110" type="stmt"/>
        <line num="143" count="110" type="stmt"/>
        <line num="148" count="16" type="stmt"/>
        <line num="149" count="16" type="stmt"/>
        <line num="150" count="16" type="stmt"/>
        <line num="151" count="28" type="stmt"/>
        <line num="152" count="28" type="stmt"/>
        <line num="155" count="16" type="cond" truecount="2" falsecount="0"/>
        <line num="156" count="14" type="stmt"/>
        <line num="159" count="2" type="stmt"/>
        <line num="163" count="14" type="stmt"/>
        <line num="164" count="14" type="stmt"/>
        <line num="165" count="70" type="stmt"/>
        <line num="166" count="126" type="stmt"/>
        <line num="167" count="28" type="stmt"/>
        <line num="168" count="28" type="stmt"/>
        <line num="171" count="28" type="stmt"/>
        <line num="175" count="10" type="cond" truecount="1" falsecount="1"/>
        <line num="189" count="16" type="cond" truecount="1" falsecount="1"/>
        <line num="190" count="16" type="cond" truecount="1" falsecount="1"/>
        <line num="191" count="16" type="cond" truecount="1" falsecount="1"/>
        <line num="193" count="16" type="cond" truecount="2" falsecount="0"/>
        <line num="194" count="16" type="cond" truecount="2" falsecount="0"/>
        <line num="197" count="16" type="stmt"/>
        <line num="198" count="16" type="stmt"/>
        <line num="200" count="16" type="cond" truecount="2" falsecount="0"/>
        <line num="201" count="2" type="stmt"/>
        <line num="202" count="2" type="cond" truecount="2" falsecount="0"/>
        <line num="203" count="14" type="cond" truecount="1" falsecount="1"/>
        <line num="204" count="0" type="cond" truecount="0" falsecount="2"/>
        <line num="205" count="14" type="cond" truecount="1" falsecount="1"/>
        <line num="206" count="0" type="cond" truecount="0" falsecount="2"/>
        <line num="210" count="0" type="stmt"/>
        <line num="211" count="0" type="stmt"/>
        <line num="212" count="0" type="stmt"/>
        <line num="214" count="0" type="stmt"/>
        <line num="215" count="0" type="stmt"/>
        <line num="216" count="0" type="stmt"/>
        <line num="217" count="0" type="stmt"/>
        <line num="218" count="0" type="stmt"/>
        <line num="219" count="0" type="cond" truecount="0" falsecount="2"/>
        <line num="220" count="0" type="stmt"/>
        <line num="221" count="0" type="stmt"/>
        <line num="224" count="0" type="stmt"/>
        <line num="226" count="14" type="cond" truecount="1" falsecount="1"/>
        <line num="227" count="14" type="stmt"/>
        <line num="228" count="0" type="cond" truecount="0" falsecount="2"/>
        <line num="229" count="0" type="cond" truecount="0" falsecount="2"/>
        <line num="230" count="0" type="stmt"/>
        <line num="234" count="16" type="stmt"/>
        <line num="237" count="16" type="stmt"/>
        <line num="238" count="16" type="cond" truecount="1" falsecount="1"/>
        <line num="239" count="16" type="stmt"/>
        <line num="240" count="16" type="cond" truecount="2" falsecount="0"/>
        <line num="241" count="14" type="stmt"/>
        <line num="243" count="16" type="stmt"/>
        <line num="246" count="16" type="cond" truecount="1" falsecount="1"/>
        <line num="247" count="78" type="cond" truecount="2" falsecount="0"/>
        <line num="248" count="16" type="stmt"/>
        <line num="249" count="16" type="stmt"/>
        <line num="251" count="16" type="cond" truecount="4" falsecount="0"/>
        <line num="255" count="16" type="stmt"/>
      </file>
    </package>
  </project>
</coverage>
