{"D:\\AI Crowd Intelligence and Smart Stadium Assistant\\src\\App.jsx": {"path":"D:\\AI Crowd Intelligence and Smart Stadium Assistant\\src\\App.jsx","statementMap":{"0":{"start":{"line":8,"column":17},"end":{"line":12,"column":null}},"1":{"start":{"line":15,"column":2},"end":{"line":15,"column":null}},"2":{"start":{"line":15,"column":37},"end":{"line":15,"column":null}},"3":{"start":{"line":17,"column":2},"end":{"line":21,"column":null}},"4":{"start":{"line":18,"column":18},"end":{"line":18,"column":64}},"5":{"start":{"line":19,"column":4},"end":{"line":19,"column":null}},"6":{"start":{"line":21,"column":4},"end":{"line":21,"column":null}},"7":{"start":{"line":26,"column":22},"end":{"line":26,"column":61}},"8":{"start":{"line":28,"column":2},"end":{"line":37,"column":null}},"9":{"start":{"line":29,"column":4},"end":{"line":29,"column":null}},"10":{"start":{"line":29,"column":39},"end":{"line":29,"column":null}},"11":{"start":{"line":31,"column":4},"end":{"line":33,"column":null}},"12":{"start":{"line":32,"column":6},"end":{"line":32,"column":null}},"13":{"start":{"line":33,"column":6},"end":{"line":33,"column":null}},"14":{"start":{"line":36,"column":4},"end":{"line":36,"column":null}},"15":{"start":{"line":39,"column":2},"end":{"line":118,"column":null}},"16":{"start":{"line":81,"column":14},"end":{"line":93,"column":null}},"17":{"start":{"line":85,"column":18},"end":{"line":88,"column":null}},"18":{"start":{"line":110,"column":78},"end":{"line":110,"column":102}}},"fnMap":{"0":{"name":"loadProfile","decl":{"start":{"line":14,"column":9},"end":{"line":14,"column":23}},"loc":{"start":{"line":14,"column":23},"end":{"line":21,"column":null}},"line":14},"1":{"name":"App","decl":{"start":{"line":25,"column":24},"end":{"line":25,"column":30}},"loc":{"start":{"line":25,"column":30},"end":{"line":118,"column":null}},"line":25},"2":{"name":"(anonymous_2)","decl":{"start":{"line":28,"column":2},"end":{"line":28,"column":18}},"loc":{"start":{"line":28,"column":18},"end":{"line":37,"column":6}},"line":28},"3":{"name":"(anonymous_3)","decl":{"start":{"line":80,"column":22},"end":{"line":80,"column":27}},"loc":{"start":{"line":81,"column":14},"end":{"line":93,"column":null}},"line":81},"4":{"name":"(anonymous_4)","decl":{"start":{"line":84,"column":16},"end":{"line":84,"column":28}},"loc":{"start":{"line":85,"column":18},"end":{"line":88,"column":null}},"line":85},"5":{"name":"(anonymous_5)","decl":{"start":{"line":110,"column":53},"end":{"line":110,"column":78}},"loc":{"start":{"line":110,"column":78},"end":{"line":110,"column":102}},"line":110}},"branchMap":{"0":{"loc":{"start":{"line":15,"column":2},"end":{"line":15,"column":null}},"type":"if","locations":[{"start":{"line":15,"column":2},"end":{"line":15,"column":null}},{"start":{},"end":{}}],"line":15},"1":{"loc":{"start":{"line":19,"column":11},"end":{"line":19,"column":null}},"type":"cond-expr","locations":[{"start":{"line":19,"column":19},"end":{"line":19,"column":36}},{"start":{"line":19,"column":39},"end":{"line":19,"column":null}}],"line":19},"2":{"loc":{"start":{"line":29,"column":4},"end":{"line":29,"column":null}},"type":"if","locations":[{"start":{"line":29,"column":4},"end":{"line":29,"column":null}},{"start":{},"end":{}}],"line":29},"3":{"loc":{"start":{"line":31,"column":4},"end":{"line":33,"column":null}},"type":"if","locations":[{"start":{"line":31,"column":4},"end":{"line":33,"column":null}},{"start":{},"end":{}}],"line":31},"4":{"loc":{"start":{"line":62,"column":13},"end":{"line":66,"column":null}},"type":"cond-expr","locations":[{"start":{"line":63,"column":14},"end":{"line":66,"column":null}},{"start":{"line":66,"column":16},"end":{"line":66,"column":null}}],"line":62},"5":{"loc":{"start":{"line":86,"column":20},"end":{"line":88,"column":null}},"type":"cond-expr","locations":[{"start":{"line":87,"column":24},"end":{"line":87,"column":null}},{"start":{"line":88,"column":24},"end":{"line":88,"column":null}}],"line":86},"6":{"loc":{"start":{"line":109,"column":14},"end":{"line":112,"column":null}},"type":"cond-expr","locations":[{"start":{"line":110,"column":16},"end":{"line":112,"column":17}},{"start":{"line":112,"column":16},"end":{"line":112,"column":null}}],"line":109}},"s":{"0":1,"1":2,"2":0,"3":2,"4":2,"5":2,"6":0,"7":2,"8":2,"9":2,"10":0,"11":2,"12":0,"13":0,"14":2,"15":2,"16":6,"17":6,"18":0},"f":{"0":2,"1":2,"2":2,"3":6,"4":6,"5":0},"b":{"0":[0,2],"1":[0,2],"2":[0,2],"3":[0,2],"4":[0,2],"5":[2,4],"6":[0,2]},"meta":{"lastBranch":7,"lastFunction":6,"lastStatement":19,"seen":{"s:8:17:12:Infinity":0,"f:14:9:14:23":0,"b:15:2:15:Infinity:undefined:undefined:undefined:undefined":0,"s:15:2:15:Infinity":1,"s:15:37:15:Infinity":2,"s:17:2:21:Infinity":3,"s:18:18:18:64":4,"s:19:4:19:Infinity":5,"b:19:19:19:36:19:39:19:Infinity":1,"s:21:4:21:Infinity":6,"f:25:24:25:30":1,"s:26:22:26:61":7,"s:28:2:37:Infinity":8,"f:28:2:28:18":2,"b:29:4:29:Infinity:undefined:undefined:undefined:undefined":2,"s:29:4:29:Infinity":9,"s:29:39:29:Infinity":10,"b:31:4:33:Infinity:undefined:undefined:undefined:undefined":3,"s:31:4:33:Infinity":11,"s:32:6:32:Infinity":12,"s:33:6:33:Infinity":13,"s:36:4:36:Infinity":14,"s:39:2:118:Infinity":15,"b:63:14:66:Infinity:66:16:66:Infinity":4,"f:80:22:80:27":3,"s:81:14:93:Infinity":16,"f:84:16:84:28":4,"s:85:18:88:Infinity":17,"b:87:24:87:Infinity:88:24:88:Infinity":5,"b:110:16:112:17:112:16:112:Infinity":6,"f:110:53:110:78":5,"s:110:78:110:102":18}}}
,"D:\\AI Crowd Intelligence and Smart Stadium Assistant\\src\\components\\ChatAssistant.jsx": {"path":"D:\\AI Crowd Intelligence and Smart Stadium Assistant\\src\\components\\ChatAssistant.jsx","statementMap":{"0":{"start":{"line":5,"column":21},"end":{"line":10,"column":null}},"1":{"start":{"line":20,"column":8},"end":{"line":20,"column":37}},"2":{"start":{"line":21,"column":19},"end":{"line":26,"column":4}},"3":{"start":{"line":27,"column":16},"end":{"line":27,"column":40}},"4":{"start":{"line":28,"column":19},"end":{"line":28,"column":49}},"5":{"start":{"line":30,"column":2},"end":{"line":37,"column":null}},"6":{"start":{"line":31,"column":4},"end":{"line":36,"column":null}},"7":{"start":{"line":39,"column":2},"end":{"line":45,"column":null}},"8":{"start":{"line":40,"column":22},"end":{"line":40,"column":null}},"9":{"start":{"line":42,"column":4},"end":{"line":42,"column":null}},"10":{"start":{"line":42,"column":20},"end":{"line":42,"column":null}},"11":{"start":{"line":44,"column":4},"end":{"line":44,"column":null}},"12":{"start":{"line":47,"column":24},"end":{"line":60,"column":null}},"13":{"start":{"line":48,"column":18},"end":{"line":48,"column":null}},"14":{"start":{"line":50,"column":4},"end":{"line":50,"column":null}},"15":{"start":{"line":50,"column":35},"end":{"line":50,"column":null}},"16":{"start":{"line":52,"column":4},"end":{"line":52,"column":null}},"17":{"start":{"line":52,"column":29},"end":{"line":52,"column":72}},"18":{"start":{"line":53,"column":4},"end":{"line":53,"column":null}},"19":{"start":{"line":54,"column":4},"end":{"line":54,"column":null}},"20":{"start":{"line":55,"column":4},"end":{"line":55,"column":null}},"21":{"start":{"line":57,"column":18},"end":{"line":57,"column":88}},"22":{"start":{"line":59,"column":4},"end":{"line":59,"column":null}},"23":{"start":{"line":59,"column":29},"end":{"line":59,"column":77}},"24":{"start":{"line":60,"column":4},"end":{"line":60,"column":null}},"25":{"start":{"line":63,"column":2},"end":{"line":171,"column":null}},"26":{"start":{"line":101,"column":14},"end":{"line":108,"column":null}},"27":{"start":{"line":104,"column":31},"end":{"line":104,"column":52}},"28":{"start":{"line":127,"column":14},"end":{"line":136,"column":null}},"29":{"start":{"line":155,"column":35},"end":{"line":155,"column":63}},"30":{"start":{"line":157,"column":16},"end":{"line":159,"column":null}},"31":{"start":{"line":158,"column":18},"end":{"line":158,"column":null}},"32":{"start":{"line":159,"column":18},"end":{"line":159,"column":null}},"33":{"start":{"line":167,"column":29},"end":{"line":167,"column":44}}},"fnMap":{"0":{"name":"ChatAssistant","decl":{"start":{"line":12,"column":24},"end":{"line":12,"column":38}},"loc":{"start":{"line":19,"column":3},"end":{"line":171,"column":null}},"line":19},"1":{"name":"(anonymous_1)","decl":{"start":{"line":30,"column":2},"end":{"line":30,"column":18}},"loc":{"start":{"line":30,"column":18},"end":{"line":37,"column":6}},"line":30},"2":{"name":"(anonymous_2)","decl":{"start":{"line":39,"column":2},"end":{"line":39,"column":18}},"loc":{"start":{"line":39,"column":18},"end":{"line":45,"column":6}},"line":39},"3":{"name":"(anonymous_3)","decl":{"start":{"line":47,"column":24},"end":{"line":47,"column":31}},"loc":{"start":{"line":47,"column":42},"end":{"line":60,"column":null}},"line":47},"4":{"name":"(anonymous_4)","decl":{"start":{"line":52,"column":4},"end":{"line":52,"column":17}},"loc":{"start":{"line":52,"column":29},"end":{"line":52,"column":72}},"line":52},"5":{"name":"(anonymous_5)","decl":{"start":{"line":59,"column":4},"end":{"line":59,"column":17}},"loc":{"start":{"line":59,"column":29},"end":{"line":59,"column":77}},"line":59},"6":{"name":"(anonymous_6)","decl":{"start":{"line":100,"column":26},"end":{"line":100,"column":31}},"loc":{"start":{"line":101,"column":14},"end":{"line":108,"column":null}},"line":101},"7":{"name":"(anonymous_7)","decl":{"start":{"line":104,"column":16},"end":{"line":104,"column":31}},"loc":{"start":{"line":104,"column":31},"end":{"line":104,"column":52}},"line":104},"8":{"name":"(anonymous_8)","decl":{"start":{"line":126,"column":22},"end":{"line":126,"column":27}},"loc":{"start":{"line":127,"column":14},"end":{"line":136,"column":null}},"line":127},"9":{"name":"(anonymous_9)","decl":{"start":{"line":155,"column":14},"end":{"line":155,"column":25}},"loc":{"start":{"line":155,"column":35},"end":{"line":155,"column":63}},"line":155},"10":{"name":"(anonymous_10)","decl":{"start":{"line":156,"column":14},"end":{"line":156,"column":26}},"loc":{"start":{"line":156,"column":36},"end":{"line":159,"column":null}},"line":156},"11":{"name":"(anonymous_11)","decl":{"start":{"line":167,"column":14},"end":{"line":167,"column":29}},"loc":{"start":{"line":167,"column":29},"end":{"line":167,"column":44}},"line":167}},"branchMap":{"0":{"loc":{"start":{"line":17,"column":2},"end":{"line":17,"column":null}},"type":"default-arg","locations":[{"start":{"line":17,"column":12},"end":{"line":17,"column":null}}],"line":17},"1":{"loc":{"start":{"line":42,"column":4},"end":{"line":42,"column":null}},"type":"if","locations":[{"start":{"line":42,"column":4},"end":{"line":42,"column":null}},{"start":{},"end":{}}],"line":42},"2":{"loc":{"start":{"line":48,"column":18},"end":{"line":48,"column":null}},"type":"binary-expr","locations":[{"start":{"line":48,"column":18},"end":{"line":48,"column":28}},{"start":{"line":48,"column":28},"end":{"line":48,"column":null}}],"line":48},"3":{"loc":{"start":{"line":50,"column":4},"end":{"line":50,"column":null}},"type":"if","locations":[{"start":{"line":50,"column":4},"end":{"line":50,"column":null}},{"start":{},"end":{}}],"line":50},"4":{"loc":{"start":{"line":50,"column":8},"end":{"line":50,"column":35}},"type":"binary-expr","locations":[{"start":{"line":50,"column":8},"end":{"line":50,"column":21}},{"start":{"line":50,"column":25},"end":{"line":50,"column":35}}],"line":50},"5":{"loc":{"start":{"line":66,"column":8},"end":{"line":68,"column":null}},"type":"cond-expr","locations":[{"start":{"line":67,"column":12},"end":{"line":67,"column":null}},{"start":{"line":68,"column":12},"end":{"line":68,"column":null}}],"line":66},"6":{"loc":{"start":{"line":84,"column":11},"end":{"line":92,"column":null}},"type":"cond-expr","locations":[{"start":{"line":85,"column":12},"end":{"line":92,"column":null}},{"start":{"line":92,"column":14},"end":{"line":92,"column":null}}],"line":84},"7":{"loc":{"start":{"line":96,"column":36},"end":{"line":96,"column":null}},"type":"cond-expr","locations":[{"start":{"line":96,"column":46},"end":{"line":96,"column":79}},{"start":{"line":96,"column":79},"end":{"line":96,"column":null}}],"line":96},"8":{"loc":{"start":{"line":114,"column":15},"end":{"line":116,"column":null}},"type":"cond-expr","locations":[{"start":{"line":115,"column":18},"end":{"line":115,"column":null}},{"start":{"line":116,"column":18},"end":{"line":116,"column":null}}],"line":114},"9":{"loc":{"start":{"line":124,"column":72},"end":{"line":124,"column":null}},"type":"cond-expr","locations":[{"start":{"line":124,"column":82},"end":{"line":124,"column":100}},{"start":{"line":124,"column":100},"end":{"line":124,"column":null}}],"line":124},"10":{"loc":{"start":{"line":130,"column":18},"end":{"line":132,"column":null}},"type":"cond-expr","locations":[{"start":{"line":131,"column":22},"end":{"line":131,"column":null}},{"start":{"line":132,"column":22},"end":{"line":132,"column":null}}],"line":130},"11":{"loc":{"start":{"line":138,"column":13},"end":{"line":149,"column":null}},"type":"cond-expr","locations":[{"start":{"line":139,"column":14},"end":{"line":149,"column":null}},{"start":{"line":149,"column":16},"end":{"line":149,"column":null}}],"line":138},"12":{"loc":{"start":{"line":157,"column":16},"end":{"line":159,"column":null}},"type":"if","locations":[{"start":{"line":157,"column":16},"end":{"line":159,"column":null}},{"start":{},"end":{}}],"line":157}},"s":{"0":2,"1":0,"2":0,"3":0,"4":0,"5":0,"6":0,"7":0,"8":0,"9":0,"10":0,"11":0,"12":0,"13":0,"14":0,"15":0,"16":0,"17":0,"18":0,"19":0,"20":0,"21":0,"22":0,"23":0,"24":0,"25":0,"26":0,"27":0,"28":0,"29":0,"30":0,"31":0,"32":0,"33":0},"f":{"0":0,"1":0,"2":0,"3":0,"4":0,"5":0,"6":0,"7":0,"8":0,"9":0,"10":0,"11":0},"b":{"0":[0],"1":[0,0],"2":[0,0],"3":[0,0],"4":[0,0],"5":[0,0],"6":[0,0],"7":[0,0],"8":[0,0],"9":[0,0],"10":[0,0],"11":[0,0],"12":[0,0]},"meta":{"lastBranch":13,"lastFunction":12,"lastStatement":34,"seen":{"s:5:21:10:Infinity":0,"f:12:24:12:38":0,"b:17:12:17:Infinity":0,"s:20:8:20:37":1,"s:21:19:26:4":2,"s:27:16:27:40":3,"s:28:19:28:49":4,"s:30:2:37:Infinity":5,"f:30:2:30:18":1,"s:31:4:36:Infinity":6,"s:39:2:45:Infinity":7,"f:39:2:39:18":2,"s:40:22:40:Infinity":8,"b:42:4:42:Infinity:undefined:undefined:undefined:undefined":1,"s:42:4:42:Infinity":9,"s:42:20:42:Infinity":10,"s:44:4:44:Infinity":11,"s:47:24:60:Infinity":12,"f:47:24:47:31":3,"s:48:18:48:Infinity":13,"b:48:18:48:28:48:28:48:Infinity":2,"b:50:4:50:Infinity:undefined:undefined:undefined:undefined":3,"s:50:4:50:Infinity":14,"b:50:8:50:21:50:25:50:35":4,"s:50:35:50:Infinity":15,"s:52:4:52:Infinity":16,"f:52:4:52:17":4,"s:52:29:52:72":17,"s:53:4:53:Infinity":18,"s:54:4:54:Infinity":19,"s:55:4:55:Infinity":20,"s:57:18:57:88":21,"s:59:4:59:Infinity":22,"f:59:4:59:17":5,"s:59:29:59:77":23,"s:60:4:60:Infinity":24,"s:63:2:171:Infinity":25,"b:67:12:67:Infinity:68:12:68:Infinity":5,"b:85:12:92:Infinity:92:14:92:Infinity":6,"b:96:46:96:79:96:79:96:Infinity":7,"f:100:26:100:31":6,"s:101:14:108:Infinity":26,"f:104:16:104:31":7,"s:104:31:104:52":27,"b:115:18:115:Infinity:116:18:116:Infinity":8,"b:124:82:124:100:124:100:124:Infinity":9,"f:126:22:126:27":8,"s:127:14:136:Infinity":28,"b:131:22:131:Infinity:132:22:132:Infinity":10,"b:139:14:149:Infinity:149:16:149:Infinity":11,"f:155:14:155:25":9,"s:155:35:155:63":29,"f:156:14:156:26":10,"b:157:16:159:Infinity:undefined:undefined:undefined:undefined":12,"s:157:16:159:Infinity":30,"s:158:18:158:Infinity":31,"s:159:18:159:Infinity":32,"f:167:14:167:29":11,"s:167:29:167:44":33}}}
,"D:\\AI Crowd Intelligence and Smart Stadium Assistant\\src\\components\\Heatmap.jsx": {"path":"D:\\AI Crowd Intelligence and Smart Stadium Assistant\\src\\components\\Heatmap.jsx","statementMap":{"0":{"start":{"line":4,"column":8},"end":{"line":4,"column":36}},"1":{"start":{"line":6,"column":2},"end":{"line":94,"column":null}},"2":{"start":{"line":42,"column":18},"end":{"line":42,"column":52}},"3":{"start":{"line":43,"column":27},"end":{"line":43,"column":null}},"4":{"start":{"line":44,"column":12},"end":{"line":63,"column":null}},"5":{"start":{"line":70,"column":18},"end":{"line":70,"column":52}},"6":{"start":{"line":71,"column":12},"end":{"line":91,"column":null}}},"fnMap":{"0":{"name":"Heatmap","decl":{"start":{"line":3,"column":24},"end":{"line":3,"column":32}},"loc":{"start":{"line":3,"column":50},"end":{"line":94,"column":null}},"line":3},"1":{"name":"(anonymous_1)","decl":{"start":{"line":41,"column":17},"end":{"line":41,"column":22}},"loc":{"start":{"line":41,"column":31},"end":{"line":63,"column":null}},"line":41},"2":{"name":"(anonymous_2)","decl":{"start":{"line":69,"column":17},"end":{"line":69,"column":22}},"loc":{"start":{"line":69,"column":31},"end":{"line":91,"column":null}},"line":69}},"branchMap":{"0":{"loc":{"start":{"line":52,"column":20},"end":{"line":52,"column":null}},"type":"cond-expr","locations":[{"start":{"line":52,"column":29},"end":{"line":52,"column":58}},{"start":{"line":52,"column":58},"end":{"line":52,"column":null}}],"line":52}},"s":{"0":0,"1":0,"2":0,"3":0,"4":0,"5":0,"6":0},"f":{"0":0,"1":0,"2":0},"b":{"0":[0,0]},"meta":{"lastBranch":1,"lastFunction":3,"lastStatement":7,"seen":{"f:3:24:3:32":0,"s:4:8:4:36":0,"s:6:2:94:Infinity":1,"f:41:17:41:22":1,"s:42:18:42:52":2,"s:43:27:43:Infinity":3,"s:44:12:63:Infinity":4,"b:52:29:52:58:52:58:52:Infinity":0,"f:69:17:69:22":2,"s:70:18:70:52":5,"s:71:12:91:Infinity":6}}}
,"D:\\AI Crowd Intelligence and Smart Stadium Assistant\\src\\components\\Map.jsx": {"path":"D:\\AI Crowd Intelligence and Smart Stadium Assistant\\src\\components\\Map.jsx","statementMap":{"0":{"start":{"line":7,"column":21},"end":{"line":16,"column":null}},"1":{"start":{"line":18,"column":21},"end":{"line":18,"column":null}},"2":{"start":{"line":19,"column":22},"end":{"line":19,"column":null}},"3":{"start":{"line":22,"column":2},"end":{"line":22,"column":null}},"4":{"start":{"line":26,"column":24},"end":{"line":28,"column":20}},"5":{"start":{"line":27,"column":19},"end":{"line":27,"column":64}},"6":{"start":{"line":27,"column":45},"end":{"line":27,"column":64}},"7":{"start":{"line":30,"column":2},"end":{"line":30,"column":null}},"8":{"start":{"line":30,"column":29},"end":{"line":30,"column":null}},"9":{"start":{"line":32,"column":2},"end":{"line":32,"column":null}},"10":{"start":{"line":32,"column":44},"end":{"line":32,"column":90}},"11":{"start":{"line":36,"column":8},"end":{"line":36,"column":73}},"12":{"start":{"line":37,"column":23},"end":{"line":37,"column":87}},"13":{"start":{"line":39,"column":2},"end":{"line":42,"column":null}},"14":{"start":{"line":40,"column":4},"end":{"line":40,"column":null}},"15":{"start":{"line":41,"column":4},"end":{"line":41,"column":null}},"16":{"start":{"line":44,"column":21},"end":{"line":44,"column":null}},"17":{"start":{"line":44,"column":47},"end":{"line":44,"column":74}},"18":{"start":{"line":45,"column":19},"end":{"line":45,"column":78}},"19":{"start":{"line":46,"column":8},"end":{"line":47,"column":null}},"20":{"start":{"line":49,"column":8},"end":{"line":51,"column":null}},"21":{"start":{"line":50,"column":10},"end":{"line":50,"column":56}},"22":{"start":{"line":54,"column":22},"end":{"line":54,"column":null}},"23":{"start":{"line":54,"column":48},"end":{"line":54,"column":79}},"24":{"start":{"line":57,"column":8},"end":{"line":60,"column":null}},"25":{"start":{"line":62,"column":21},"end":{"line":62,"column":null}},"26":{"start":{"line":62,"column":44},"end":{"line":62,"column":70}},"27":{"start":{"line":63,"column":24},"end":{"line":63,"column":null}},"28":{"start":{"line":64,"column":24},"end":{"line":64,"column":null}},"29":{"start":{"line":66,"column":2},"end":{"line":351,"column":null}},"30":{"start":{"line":87,"column":12},"end":{"line":100,"column":null}},"31":{"start":{"line":92,"column":29},"end":{"line":92,"column":58}},"32":{"start":{"line":235,"column":33},"end":{"line":235,"column":null}},"33":{"start":{"line":236,"column":34},"end":{"line":236,"column":null}},"34":{"start":{"line":237,"column":22},"end":{"line":237,"column":56}},"35":{"start":{"line":238,"column":22},"end":{"line":238,"column":60}},"36":{"start":{"line":240,"column":18},"end":{"line":244,"column":null}},"37":{"start":{"line":246,"column":16},"end":{"line":298,"column":null}},"38":{"start":{"line":249,"column":35},"end":{"line":249,"column":61}},"39":{"start":{"line":326,"column":16},"end":{"line":334,"column":null}}},"fnMap":{"0":{"name":"toPoint","decl":{"start":{"line":21,"column":9},"end":{"line":21,"column":17}},"loc":{"start":{"line":21,"column":23},"end":{"line":22,"column":null}},"line":21},"1":{"name":"getPathDefinition","decl":{"start":{"line":25,"column":9},"end":{"line":25,"column":27}},"loc":{"start":{"line":25,"column":50},"end":{"line":32,"column":null}},"line":25},"2":{"name":"(anonymous_2)","decl":{"start":{"line":27,"column":5},"end":{"line":27,"column":10}},"loc":{"start":{"line":27,"column":19},"end":{"line":27,"column":64}},"line":27},"3":{"name":"(anonymous_3)","decl":{"start":{"line":27,"column":30},"end":{"line":27,"column":36}},"loc":{"start":{"line":27,"column":45},"end":{"line":27,"column":64}},"line":27},"4":{"name":"(anonymous_4)","decl":{"start":{"line":32,"column":23},"end":{"line":32,"column":28}},"loc":{"start":{"line":32,"column":44},"end":{"line":32,"column":90}},"line":32},"5":{"name":"Map","decl":{"start":{"line":35,"column":24},"end":{"line":35,"column":28}},"loc":{"start":{"line":35,"column":129},"end":{"line":351,"column":null}},"line":35},"6":{"name":"(anonymous_6)","decl":{"start":{"line":39,"column":2},"end":{"line":39,"column":18}},"loc":{"start":{"line":39,"column":18},"end":{"line":42,"column":6}},"line":39},"7":{"name":"(anonymous_7)","decl":{"start":{"line":44,"column":32},"end":{"line":44,"column":38}},"loc":{"start":{"line":44,"column":47},"end":{"line":44,"column":74}},"line":44},"8":{"name":"(anonymous_8)","decl":{"start":{"line":49,"column":20},"end":{"line":49,"column":null}},"loc":{"start":{"line":50,"column":10},"end":{"line":50,"column":56}},"line":50},"9":{"name":"(anonymous_9)","decl":{"start":{"line":54,"column":33},"end":{"line":54,"column":39}},"loc":{"start":{"line":54,"column":48},"end":{"line":54,"column":79}},"line":54},"10":{"name":"(anonymous_10)","decl":{"start":{"line":62,"column":32},"end":{"line":62,"column":38}},"loc":{"start":{"line":62,"column":44},"end":{"line":62,"column":70}},"line":62},"11":{"name":"(anonymous_11)","decl":{"start":{"line":86,"column":24},"end":{"line":86,"column":29}},"loc":{"start":{"line":87,"column":12},"end":{"line":100,"column":null}},"line":87},"12":{"name":"(anonymous_12)","decl":{"start":{"line":92,"column":14},"end":{"line":92,"column":29}},"loc":{"start":{"line":92,"column":29},"end":{"line":92,"column":58}},"line":92},"13":{"name":"(anonymous_13)","decl":{"start":{"line":234,"column":26},"end":{"line":234,"column":31}},"loc":{"start":{"line":234,"column":40},"end":{"line":298,"column":null}},"line":234},"14":{"name":"(anonymous_14)","decl":{"start":{"line":249,"column":20},"end":{"line":249,"column":35}},"loc":{"start":{"line":249,"column":35},"end":{"line":249,"column":61}},"line":249},"15":{"name":"(anonymous_15)","decl":{"start":{"line":325,"column":27},"end":{"line":325,"column":32}},"loc":{"start":{"line":326,"column":16},"end":{"line":334,"column":null}},"line":326}},"branchMap":{"0":{"loc":{"start":{"line":30,"column":2},"end":{"line":30,"column":null}},"type":"if","locations":[{"start":{"line":30,"column":2},"end":{"line":30,"column":null}},{"start":{},"end":{}}],"line":30},"1":{"loc":{"start":{"line":32,"column":47},"end":{"line":32,"column":71}},"type":"cond-expr","locations":[{"start":{"line":32,"column":61},"end":{"line":32,"column":67}},{"start":{"line":32,"column":67},"end":{"line":32,"column":71}}],"line":32},"2":{"loc":{"start":{"line":37,"column":51},"end":{"line":37,"column":87}},"type":"binary-expr","locations":[{"start":{"line":37,"column":51},"end":{"line":37,"column":74}},{"start":{"line":37,"column":74},"end":{"line":37,"column":87}}],"line":37},"3":{"loc":{"start":{"line":44,"column":21},"end":{"line":44,"column":null}},"type":"binary-expr","locations":[{"start":{"line":44,"column":21},"end":{"line":44,"column":74}},{"start":{"line":44,"column":78},"end":{"line":44,"column":null}}],"line":44},"4":{"loc":{"start":{"line":45,"column":43},"end":{"line":45,"column":74}},"type":"binary-expr","locations":[{"start":{"line":45,"column":43},"end":{"line":45,"column":69}},{"start":{"line":45,"column":69},"end":{"line":45,"column":74}}],"line":45},"5":{"loc":{"start":{"line":46,"column":8},"end":{"line":47,"column":null}},"type":"cond-expr","locations":[{"start":{"line":47,"column":56},"end":{"line":47,"column":74}},{"start":{"line":47,"column":74},"end":{"line":47,"column":null}}],"line":46},"6":{"loc":{"start":{"line":47,"column":18},"end":{"line":47,"column":42}},"type":"binary-expr","locations":[{"start":{"line":47,"column":18},"end":{"line":47,"column":40}},{"start":{"line":47,"column":40},"end":{"line":47,"column":42}}],"line":47},"7":{"loc":{"start":{"line":54,"column":22},"end":{"line":54,"column":null}},"type":"binary-expr","locations":[{"start":{"line":54,"column":22},"end":{"line":54,"column":79}},{"start":{"line":54,"column":83},"end":{"line":54,"column":null}}],"line":54},"8":{"loc":{"start":{"line":57,"column":8},"end":{"line":60,"column":null}},"type":"cond-expr","locations":[{"start":{"line":59,"column":9},"end":{"line":59,"column":null}},{"start":{"line":60,"column":9},"end":{"line":60,"column":null}}],"line":57},"9":{"loc":{"start":{"line":57,"column":8},"end":{"line":58,"column":null}},"type":"binary-expr","locations":[{"start":{"line":57,"column":26},"end":{"line":57,"column":63}},{"start":{"line":57,"column":63},"end":{"line":57,"column":null}},{"start":{"line":58,"column":8},"end":{"line":58,"column":null}}],"line":57},"10":{"loc":{"start":{"line":62,"column":21},"end":{"line":62,"column":null}},"type":"binary-expr","locations":[{"start":{"line":62,"column":21},"end":{"line":62,"column":70}},{"start":{"line":62,"column":74},"end":{"line":62,"column":null}}],"line":62},"11":{"loc":{"start":{"line":81,"column":13},"end":{"line":81,"column":57}},"type":"binary-expr","locations":[{"start":{"line":81,"column":13},"end":{"line":81,"column":50}},{"start":{"line":81,"column":54},"end":{"line":81,"column":57}}],"line":81},"12":{"loc":{"start":{"line":94,"column":16},"end":{"line":96,"column":null}},"type":"cond-expr","locations":[{"start":{"line":95,"column":21},"end":{"line":95,"column":null}},{"start":{"line":96,"column":20},"end":{"line":96,"column":null}}],"line":94},"13":{"loc":{"start":{"line":95,"column":21},"end":{"line":95,"column":null}},"type":"cond-expr","locations":[{"start":{"line":95,"column":35},"end":{"line":95,"column":121}},{"start":{"line":95,"column":121},"end":{"line":95,"column":null}}],"line":95},"14":{"loc":{"start":{"line":97,"column":18},"end":{"line":97,"column":null}},"type":"cond-expr","locations":[{"start":{"line":97,"column":60},"end":{"line":97,"column":94}},{"start":{"line":97,"column":94},"end":{"line":97,"column":null}}],"line":97},"15":{"loc":{"start":{"line":97,"column":18},"end":{"line":97,"column":60}},"type":"binary-expr","locations":[{"start":{"line":97,"column":18},"end":{"line":97,"column":33}},{"start":{"line":97,"column":33},"end":{"line":97,"column":60}}],"line":97},"16":{"loc":{"start":{"line":112,"column":14},"end":{"line":112,"column":null}},"type":"cond-expr","locations":[{"start":{"line":112,"column":49},"end":{"line":112,"column":91}},{"start":{"line":112,"column":91},"end":{"line":112,"column":null}}],"line":112},"17":{"loc":{"start":{"line":115,"column":83},"end":{"line":115,"column":156}},"type":"cond-expr","locations":[{"start":{"line":115,"column":118},"end":{"line":115,"column":138}},{"start":{"line":115,"column":138},"end":{"line":115,"column":156}}],"line":115},"18":{"loc":{"start":{"line":119,"column":60},"end":{"line":119,"column":133}},"type":"cond-expr","locations":[{"start":{"line":119,"column":95},"end":{"line":119,"column":115}},{"start":{"line":119,"column":115},"end":{"line":119,"column":133}}],"line":119},"19":{"loc":{"start":{"line":179,"column":15},"end":{"line":216,"column":null}},"type":"cond-expr","locations":[{"start":{"line":180,"column":16},"end":{"line":215,"column":null}},{"start":{"line":216,"column":18},"end":{"line":216,"column":null}}],"line":179},"20":{"loc":{"start":{"line":196,"column":30},"end":{"line":196,"column":null}},"type":"cond-expr","locations":[{"start":{"line":196,"column":65},"end":{"line":196,"column":92}},{"start":{"line":196,"column":92},"end":{"line":196,"column":null}}],"line":196},"21":{"loc":{"start":{"line":200,"column":39},"end":{"line":200,"column":null}},"type":"cond-expr","locations":[{"start":{"line":200,"column":65},"end":{"line":200,"column":73}},{"start":{"line":200,"column":73},"end":{"line":200,"column":null}}],"line":200},"22":{"loc":{"start":{"line":205,"column":40},"end":{"line":205,"column":98}},"type":"cond-expr","locations":[{"start":{"line":205,"column":75},"end":{"line":205,"column":87}},{"start":{"line":205,"column":87},"end":{"line":205,"column":98}}],"line":205},"23":{"loc":{"start":{"line":210,"column":40},"end":{"line":210,"column":98}},"type":"cond-expr","locations":[{"start":{"line":210,"column":75},"end":{"line":210,"column":87}},{"start":{"line":210,"column":87},"end":{"line":210,"column":98}}],"line":210},"24":{"loc":{"start":{"line":218,"column":15},"end":{"line":232,"column":null}},"type":"cond-expr","locations":[{"start":{"line":219,"column":16},"end":{"line":232,"column":null}},{"start":{"line":232,"column":18},"end":{"line":232,"column":null}}],"line":218},"25":{"loc":{"start":{"line":240,"column":18},"end":{"line":244,"column":null}},"type":"cond-expr","locations":[{"start":{"line":241,"column":22},"end":{"line":241,"column":null}},{"start":{"line":242,"column":22},"end":{"line":244,"column":null}}],"line":240},"26":{"loc":{"start":{"line":242,"column":22},"end":{"line":244,"column":null}},"type":"cond-expr","locations":[{"start":{"line":243,"column":24},"end":{"line":243,"column":null}},{"start":{"line":244,"column":24},"end":{"line":244,"column":null}}],"line":242},"27":{"loc":{"start":{"line":255,"column":55},"end":{"line":255,"column":78}},"type":"cond-expr","locations":[{"start":{"line":255,"column":67},"end":{"line":255,"column":73}},{"start":{"line":255,"column":73},"end":{"line":255,"column":78}}],"line":255},"28":{"loc":{"start":{"line":256,"column":57},"end":{"line":256,"column":90}},"type":"cond-expr","locations":[{"start":{"line":256,"column":69},"end":{"line":256,"column":79}},{"start":{"line":256,"column":79},"end":{"line":256,"column":90}}],"line":256},"29":{"loc":{"start":{"line":259,"column":55},"end":{"line":259,"column":82}},"type":"cond-expr","locations":[{"start":{"line":259,"column":67},"end":{"line":259,"column":75}},{"start":{"line":259,"column":75},"end":{"line":259,"column":82}}],"line":259},"30":{"loc":{"start":{"line":260,"column":57},"end":{"line":260,"column":92}},"type":"cond-expr","locations":[{"start":{"line":260,"column":69},"end":{"line":260,"column":81}},{"start":{"line":260,"column":81},"end":{"line":260,"column":92}}],"line":260},"31":{"loc":{"start":{"line":264,"column":21},"end":{"line":284,"column":null}},"type":"cond-expr","locations":[{"start":{"line":265,"column":22},"end":{"line":278,"column":23}},{"start":{"line":278,"column":22},"end":{"line":284,"column":null}}],"line":264},"32":{"loc":{"start":{"line":266,"column":37},"end":{"line":266,"column":null}},"type":"cond-expr","locations":[{"start":{"line":266,"column":48},"end":{"line":266,"column":54}},{"start":{"line":266,"column":54},"end":{"line":266,"column":null}}],"line":266},"33":{"loc":{"start":{"line":267,"column":37},"end":{"line":267,"column":null}},"type":"cond-expr","locations":[{"start":{"line":267,"column":48},"end":{"line":267,"column":54}},{"start":{"line":267,"column":54},"end":{"line":267,"column":null}}],"line":267},"34":{"loc":{"start":{"line":268,"column":31},"end":{"line":268,"column":null}},"type":"cond-expr","locations":[{"start":{"line":268,"column":42},"end":{"line":268,"column":48}},{"start":{"line":268,"column":48},"end":{"line":268,"column":null}}],"line":268},"35":{"loc":{"start":{"line":269,"column":32},"end":{"line":269,"column":null}},"type":"cond-expr","locations":[{"start":{"line":269,"column":43},"end":{"line":269,"column":49}},{"start":{"line":269,"column":49},"end":{"line":269,"column":null}}],"line":269},"36":{"loc":{"start":{"line":271,"column":30},"end":{"line":271,"column":null}},"type":"cond-expr","locations":[{"start":{"line":271,"column":41},"end":{"line":271,"column":53}},{"start":{"line":271,"column":53},"end":{"line":271,"column":null}}],"line":271},"37":{"loc":{"start":{"line":275,"column":41},"end":{"line":275,"column":null}},"type":"cond-expr","locations":[{"start":{"line":275,"column":52},"end":{"line":275,"column":83}},{"start":{"line":275,"column":83},"end":{"line":275,"column":null}}],"line":275},"38":{"loc":{"start":{"line":281,"column":27},"end":{"line":281,"column":null}},"type":"cond-expr","locations":[{"start":{"line":281,"column":38},"end":{"line":281,"column":46}},{"start":{"line":281,"column":46},"end":{"line":281,"column":null}}],"line":281},"39":{"loc":{"start":{"line":282,"column":30},"end":{"line":282,"column":null}},"type":"cond-expr","locations":[{"start":{"line":282,"column":41},"end":{"line":282,"column":53}},{"start":{"line":282,"column":53},"end":{"line":282,"column":null}}],"line":282},"40":{"loc":{"start":{"line":283,"column":41},"end":{"line":283,"column":null}},"type":"cond-expr","locations":[{"start":{"line":283,"column":52},"end":{"line":283,"column":83}},{"start":{"line":283,"column":83},"end":{"line":283,"column":null}}],"line":283},"41":{"loc":{"start":{"line":292,"column":28},"end":{"line":292,"column":null}},"type":"cond-expr","locations":[{"start":{"line":292,"column":40},"end":{"line":292,"column":52}},{"start":{"line":292,"column":52},"end":{"line":292,"column":null}}],"line":292},"42":{"loc":{"start":{"line":293,"column":32},"end":{"line":293,"column":null}},"type":"cond-expr","locations":[{"start":{"line":293,"column":44},"end":{"line":293,"column":52}},{"start":{"line":293,"column":52},"end":{"line":293,"column":null}}],"line":293},"43":{"loc":{"start":{"line":296,"column":23},"end":{"line":296,"column":null}},"type":"cond-expr","locations":[{"start":{"line":296,"column":35},"end":{"line":296,"column":65}},{"start":{"line":296,"column":65},"end":{"line":296,"column":null}}],"line":296},"44":{"loc":{"start":{"line":313,"column":13},"end":{"line":318,"column":null}},"type":"binary-expr","locations":[{"start":{"line":313,"column":13},"end":{"line":313,"column":null}},{"start":{"line":314,"column":14},"end":{"line":318,"column":null}}],"line":313},"45":{"loc":{"start":{"line":349,"column":77},"end":{"line":349,"column":101}},"type":"binary-expr","locations":[{"start":{"line":349,"column":77},"end":{"line":349,"column":99}},{"start":{"line":349,"column":99},"end":{"line":349,"column":101}}],"line":349}},"s":{"0":2,"1":2,"2":2,"3":21,"4":7,"5":21,"6":70,"7":7,"8":0,"9":7,"10":21,"11":7,"12":7,"13":7,"14":3,"15":3,"16":7,"17":23,"18":7,"19":7,"20":7,"21":7,"22":7,"23":7,"24":7,"25":7,"26":7,"27":7,"28":7,"29":7,"30":56,"31":0,"32":77,"33":77,"34":77,"35":77,"36":77,"37":77,"38":0,"39":21},"f":{"0":21,"1":7,"2":21,"3":70,"4":21,"5":7,"6":3,"7":23,"8":7,"9":7,"10":7,"11":56,"12":0,"13":77,"14":0,"15":21},"b":{"0":[0,7],"1":[7,14],"2":[7,0],"3":[7,0],"4":[7,0],"5":[3,4],"6":[7,0],"7":[7,0],"8":[0,7],"9":[7,7,0],"10":[7,0],"11":[7,7],"12":[7,49],"13":[0,7],"14":[0,56],"15":[56,0],"16":[0,7],"17":[0,7],"18":[0,7],"19":[7,0],"20":[0,7],"21":[7,0],"22":[0,7],"23":[0,7],"24":[7,0],"25":[14,63],"26":[42,21],"27":[35,42],"28":[35,42],"29":[35,42],"30":[35,42],"31":[35,42],"32":[0,35],"33":[0,35],"34":[0,35],"35":[0,35],"36":[0,35],"37":[0,35],"38":[7,35],"39":[7,35],"40":[7,35],"41":[35,42],"42":[35,42],"43":[35,42],"44":[7,7],"45":[7,0]},"meta":{"lastBranch":46,"lastFunction":16,"lastStatement":40,"seen":{"s:7:21:16:Infinity":0,"s:18:21:18:Infinity":1,"s:19:22:19:Infinity":2,"f:21:9:21:17":0,"s:22:2:22:Infinity":3,"f:25:9:25:27":1,"s:26:24:28:20":4,"f:27:5:27:10":2,"s:27:19:27:64":5,"f:27:30:27:36":3,"s:27:45:27:64":6,"b:30:2:30:Infinity:undefined:undefined:undefined:undefined":0,"s:30:2:30:Infinity":7,"s:30:29:30:Infinity":8,"s:32:2:32:Infinity":9,"f:32:23:32:28":4,"s:32:44:32:90":10,"b:32:61:32:67:32:67:32:71":1,"f:35:24:35:28":5,"s:36:8:36:73":11,"s:37:23:37:87":12,"b:37:51:37:74:37:74:37:87":2,"s:39:2:42:Infinity":13,"f:39:2:39:18":6,"s:40:4:40:Infinity":14,"s:41:4:41:Infinity":15,"s:44:21:44:Infinity":16,"b:44:21:44:74:44:78:44:Infinity":3,"f:44:32:44:38":7,"s:44:47:44:74":17,"s:45:19:45:78":18,"b:45:43:45:69:45:69:45:74":4,"s:46:8:47:Infinity":19,"b:47:56:47:74:47:74:47:Infinity":5,"b:47:18:47:40:47:40:47:42":6,"s:49:8:51:Infinity":20,"f:49:20:49:Infinity":8,"s:50:10:50:56":21,"s:54:22:54:Infinity":22,"b:54:22:54:79:54:83:54:Infinity":7,"f:54:33:54:39":9,"s:54:48:54:79":23,"s:57:8:60:Infinity":24,"b:59:9:59:Infinity:60:9:60:Infinity":8,"b:57:26:57:63:57:63:57:Infinity:58:8:58:Infinity":9,"s:62:21:62:Infinity":25,"b:62:21:62:70:62:74:62:Infinity":10,"f:62:32:62:38":10,"s:62:44:62:70":26,"s:63:24:63:Infinity":27,"s:64:24:64:Infinity":28,"s:66:2:351:Infinity":29,"b:81:13:81:50:81:54:81:57":11,"f:86:24:86:29":11,"s:87:12:100:Infinity":30,"f:92:14:92:29":12,"s:92:29:92:58":31,"b:95:21:95:Infinity:96:20:96:Infinity":12,"b:95:35:95:121:95:121:95:Infinity":13,"b:97:60:97:94:97:94:97:Infinity":14,"b:97:18:97:33:97:33:97:60":15,"b:112:49:112:91:112:91:112:Infinity":16,"b:115:118:115:138:115:138:115:156":17,"b:119:95:119:115:119:115:119:133":18,"b:180:16:215:Infinity:216:18:216:Infinity":19,"b:196:65:196:92:196:92:196:Infinity":20,"b:200:65:200:73:200:73:200:Infinity":21,"b:205:75:205:87:205:87:205:98":22,"b:210:75:210:87:210:87:210:98":23,"b:219:16:232:Infinity:232:18:232:Infinity":24,"f:234:26:234:31":13,"s:235:33:235:Infinity":32,"s:236:34:236:Infinity":33,"s:237:22:237:56":34,"s:238:22:238:60":35,"s:240:18:244:Infinity":36,"b:241:22:241:Infinity:242:22:244:Infinity":25,"b:243:24:243:Infinity:244:24:244:Infinity":26,"s:246:16:298:Infinity":37,"f:249:20:249:35":14,"s:249:35:249:61":38,"b:255:67:255:73:255:73:255:78":27,"b:256:69:256:79:256:79:256:90":28,"b:259:67:259:75:259:75:259:82":29,"b:260:69:260:81:260:81:260:92":30,"b:265:22:278:23:278:22:284:Infinity":31,"b:266:48:266:54:266:54:266:Infinity":32,"b:267:48:267:54:267:54:267:Infinity":33,"b:268:42:268:48:268:48:268:Infinity":34,"b:269:43:269:49:269:49:269:Infinity":35,"b:271:41:271:53:271:53:271:Infinity":36,"b:275:52:275:83:275:83:275:Infinity":37,"b:281:38:281:46:281:46:281:Infinity":38,"b:282:41:282:53:282:53:282:Infinity":39,"b:283:52:283:83:283:83:283:Infinity":40,"b:292:40:292:52:292:52:292:Infinity":41,"b:293:44:293:52:293:52:293:Infinity":42,"b:296:35:296:65:296:65:296:Infinity":43,"b:313:13:313:Infinity:314:14:318:Infinity":44,"f:325:27:325:32":15,"s:326:16:334:Infinity":39,"b:349:77:349:99:349:99:349:101":45}}}
,"D:\\AI Crowd Intelligence and Smart Stadium Assistant\\src\\data\\crowdData.json": {"path":"D:\\AI Crowd Intelligence and Smart Stadium Assistant\\src\\data\\crowdData.json","statementMap":{},"fnMap":{},"branchMap":{},"s":{},"f":{},"b":{},"meta":{"lastBranch":0,"lastFunction":0,"lastStatement":0,"seen":{}}}
,"D:\\AI Crowd Intelligence and Smart Stadium Assistant\\src\\data\\stallsData.json": {"path":"D:\\AI Crowd Intelligence and Smart Stadium Assistant\\src\\data\\stallsData.json","statementMap":{},"fnMap":{},"branchMap":{},"s":{},"f":{},"b":{},"meta":{"lastBranch":0,"lastFunction":0,"lastStatement":0,"seen":{}}}
,"D:\\AI Crowd Intelligence and Smart Stadium Assistant\\src\\pages\\Dashboard.jsx": {"path":"D:\\AI Crowd Intelligence and Smart Stadium Assistant\\src\\pages\\Dashboard.jsx","statementMap":{"0":{"start":{"line":21,"column":15},"end":{"line":21,"column":null}},"1":{"start":{"line":22,"column":20},"end":{"line":26,"column":null}},"2":{"start":{"line":29,"column":15},"end":{"line":29,"column":59}},"3":{"start":{"line":29,"column":36},"end":{"line":29,"column":59}},"4":{"start":{"line":30,"column":13},"end":{"line":30,"column":55}},"5":{"start":{"line":30,"column":34},"end":{"line":30,"column":55}},"6":{"start":{"line":32,"column":2},"end":{"line":32,"column":null}},"7":{"start":{"line":32,"column":20},"end":{"line":32,"column":null}},"8":{"start":{"line":34,"column":17},"end":{"line":34,"column":null}},"9":{"start":{"line":35,"column":17},"end":{"line":35,"column":null}},"10":{"start":{"line":36,"column":19},"end":{"line":36,"column":63}},"11":{"start":{"line":37,"column":2},"end":{"line":37,"column":null}},"12":{"start":{"line":41,"column":9},"end":{"line":41,"column":36}},"13":{"start":{"line":42,"column":48},"end":{"line":42,"column":null}},"14":{"start":{"line":44,"column":25},"end":{"line":44,"column":61}},"15":{"start":{"line":45,"column":22},"end":{"line":45,"column":87}},"16":{"start":{"line":46,"column":21},"end":{"line":46,"column":53}},"17":{"start":{"line":47,"column":23},"end":{"line":47,"column":57}},"18":{"start":{"line":48,"column":24},"end":{"line":48,"column":64}},"19":{"start":{"line":49,"column":23},"end":{"line":49,"column":57}},"20":{"start":{"line":50,"column":27},"end":{"line":50,"column":66}},"21":{"start":{"line":51,"column":23},"end":{"line":51,"column":53}},"22":{"start":{"line":52,"column":8},"end":{"line":52,"column":36}},"23":{"start":{"line":54,"column":2},"end":{"line":60,"column":null}},"24":{"start":{"line":55,"column":4},"end":{"line":58,"column":null}},"25":{"start":{"line":56,"column":6},"end":{"line":56,"column":null}},"26":{"start":{"line":58,"column":6},"end":{"line":58,"column":null}},"27":{"start":{"line":62,"column":2},"end":{"line":70,"column":null}},"28":{"start":{"line":63,"column":22},"end":{"line":66,"column":null}},"29":{"start":{"line":64,"column":19},"end":{"line":64,"column":75}},"30":{"start":{"line":65,"column":6},"end":{"line":66,"column":null}},"31":{"start":{"line":66,"column":8},"end":{"line":66,"column":null}},"32":{"start":{"line":69,"column":4},"end":{"line":69,"column":null}},"33":{"start":{"line":72,"column":2},"end":{"line":77,"column":null}},"34":{"start":{"line":73,"column":4},"end":{"line":73,"column":null}},"35":{"start":{"line":74,"column":4},"end":{"line":74,"column":null}},"36":{"start":{"line":75,"column":18},"end":{"line":75,"column":70}},"37":{"start":{"line":75,"column":42},"end":{"line":75,"column":64}},"38":{"start":{"line":76,"column":4},"end":{"line":76,"column":null}},"39":{"start":{"line":76,"column":17},"end":{"line":76,"column":43}},"40":{"start":{"line":79,"column":2},"end":{"line":87,"column":null}},"41":{"start":{"line":80,"column":23},"end":{"line":84,"column":12}},"42":{"start":{"line":81,"column":6},"end":{"line":81,"column":null}},"43":{"start":{"line":82,"column":6},"end":{"line":82,"column":null}},"44":{"start":{"line":83,"column":6},"end":{"line":83,"column":null}},"45":{"start":{"line":83,"column":30},"end":{"line":83,"column":52}},"46":{"start":{"line":86,"column":4},"end":{"line":86,"column":null}},"47":{"start":{"line":86,"column":17},"end":{"line":86,"column":49}},"48":{"start":{"line":89,"column":2},"end":{"line":106,"column":null}},"49":{"start":{"line":90,"column":4},"end":{"line":90,"column":null}},"50":{"start":{"line":90,"column":43},"end":{"line":90,"column":null}},"51":{"start":{"line":92,"column":25},"end":{"line":96,"column":12}},"52":{"start":{"line":93,"column":22},"end":{"line":93,"column":null}},"53":{"start":{"line":94,"column":6},"end":{"line":94,"column":null}},"54":{"start":{"line":95,"column":6},"end":{"line":95,"column":null}},"55":{"start":{"line":98,"column":24},"end":{"line":100,"column":13}},"56":{"start":{"line":99,"column":6},"end":{"line":99,"column":null}},"57":{"start":{"line":102,"column":4},"end":{"line":104,"column":null}},"58":{"start":{"line":103,"column":6},"end":{"line":103,"column":null}},"59":{"start":{"line":104,"column":6},"end":{"line":104,"column":null}},"60":{"start":{"line":108,"column":8},"end":{"line":114,"column":null}},"61":{"start":{"line":110,"column":6},"end":{"line":113,"column":9}},"62":{"start":{"line":110,"column":32},"end":{"line":113,"column":9}},"63":{"start":{"line":117,"column":8},"end":{"line":126,"column":null}},"64":{"start":{"line":119,"column":6},"end":{"line":125,"column":9}},"65":{"start":{"line":119,"column":29},"end":{"line":125,"column":9}},"66":{"start":{"line":129,"column":8},"end":{"line":129,"column":62}},"67":{"start":{"line":130,"column":8},"end":{"line":130,"column":82}},"68":{"start":{"line":131,"column":8},"end":{"line":131,"column":68}},"69":{"start":{"line":132,"column":21},"end":{"line":132,"column":81}},"70":{"start":{"line":133,"column":22},"end":{"line":133,"column":null}},"71":{"start":{"line":133,"column":59},"end":{"line":133,"column":79}},"72":{"start":{"line":134,"column":22},"end":{"line":134,"column":null}},"73":{"start":{"line":134,"column":59},"end":{"line":134,"column":79}},"74":{"start":{"line":136,"column":8},"end":{"line":148,"column":null}},"75":{"start":{"line":138,"column":6},"end":{"line":147,"column":50}},"76":{"start":{"line":140,"column":27},"end":{"line":140,"column":89}},"77":{"start":{"line":141,"column":10},"end":{"line":145,"column":null}},"78":{"start":{"line":147,"column":24},"end":{"line":147,"column":50}},"79":{"start":{"line":151,"column":21},"end":{"line":151,"column":null}},"80":{"start":{"line":152,"column":33},"end":{"line":152,"column":null}},"81":{"start":{"line":153,"column":26},"end":{"line":153,"column":90}},"82":{"start":{"line":154,"column":8},"end":{"line":154,"column":111}},"83":{"start":{"line":154,"column":44},"end":{"line":154,"column":81}},"84":{"start":{"line":155,"column":8},"end":{"line":155,"column":90}},"85":{"start":{"line":156,"column":8},"end":{"line":156,"column":63}},"86":{"start":{"line":158,"column":8},"end":{"line":167,"column":21}},"87":{"start":{"line":159,"column":4},"end":{"line":166,"column":null}},"88":{"start":{"line":159,"column":37},"end":{"line":159,"column":49}},"89":{"start":{"line":160,"column":19},"end":{"line":160,"column":60}},"90":{"start":{"line":161,"column":6},"end":{"line":165,"column":null}},"91":{"start":{"line":169,"column":4},"end":{"line":185,"column":null}},"92":{"start":{"line":187,"column":23},"end":{"line":187,"column":null}},"93":{"start":{"line":189,"column":8},"end":{"line":192,"column":null}},"94":{"start":{"line":190,"column":4},"end":{"line":190,"column":null}},"95":{"start":{"line":191,"column":4},"end":{"line":191,"column":null}},"96":{"start":{"line":192,"column":4},"end":{"line":192,"column":null}},"97":{"start":{"line":195,"column":8},"end":{"line":203,"column":null}},"98":{"start":{"line":196,"column":4},"end":{"line":199,"column":null}},"99":{"start":{"line":197,"column":6},"end":{"line":197,"column":null}},"100":{"start":{"line":199,"column":6},"end":{"line":199,"column":null}},"101":{"start":{"line":201,"column":4},"end":{"line":201,"column":null}},"102":{"start":{"line":202,"column":4},"end":{"line":202,"column":null}},"103":{"start":{"line":203,"column":4},"end":{"line":203,"column":null}},"104":{"start":{"line":207,"column":4},"end":{"line":211,"column":null}},"105":{"start":{"line":213,"column":2},"end":{"line":628,"column":null}},"106":{"start":{"line":250,"column":34},"end":{"line":250,"column":null}},"107":{"start":{"line":251,"column":18},"end":{"line":251,"column":null}},"108":{"start":{"line":252,"column":18},"end":{"line":255,"column":null}},"109":{"start":{"line":253,"column":20},"end":{"line":253,"column":null}},"110":{"start":{"line":255,"column":20},"end":{"line":255,"column":null}},"111":{"start":{"line":327,"column":35},"end":{"line":327,"column":54}},"112":{"start":{"line":436,"column":18},"end":{"line":451,"column":null}},"113":{"start":{"line":481,"column":18},"end":{"line":499,"column":null}},"114":{"start":{"line":515,"column":29},"end":{"line":515,"column":48}},"115":{"start":{"line":557,"column":29},"end":{"line":557,"column":67}},"116":{"start":{"line":557,"column":58},"end":{"line":557,"column":67}},"117":{"start":{"line":583,"column":16},"end":{"line":596,"column":null}},"118":{"start":{"line":587,"column":33},"end":{"line":587,"column":65}},"119":{"start":{"line":609,"column":23},"end":{"line":609,"column":42}},"120":{"start":{"line":624,"column":29},"end":{"line":624,"column":null}}},"fnMap":{"0":{"name":"getWalkingMinutes","decl":{"start":{"line":28,"column":9},"end":{"line":28,"column":27}},"loc":{"start":{"line":28,"column":52},"end":{"line":37,"column":null}},"line":28},"1":{"name":"(anonymous_1)","decl":{"start":{"line":29,"column":21},"end":{"line":29,"column":27}},"loc":{"start":{"line":29,"column":36},"end":{"line":29,"column":59}},"line":29},"2":{"name":"(anonymous_2)","decl":{"start":{"line":30,"column":19},"end":{"line":30,"column":25}},"loc":{"start":{"line":30,"column":34},"end":{"line":30,"column":55}},"line":30},"3":{"name":"Dashboard","decl":{"start":{"line":40,"column":24},"end":{"line":40,"column":34}},"loc":{"start":{"line":40,"column":70},"end":{"line":628,"column":null}},"line":40},"4":{"name":"(anonymous_4)","decl":{"start":{"line":54,"column":2},"end":{"line":54,"column":18}},"loc":{"start":{"line":54,"column":18},"end":{"line":60,"column":6}},"line":54},"5":{"name":"(anonymous_5)","decl":{"start":{"line":62,"column":2},"end":{"line":62,"column":18}},"loc":{"start":{"line":62,"column":18},"end":{"line":70,"column":6}},"line":62},"6":{"name":"(anonymous_6)","decl":{"start":{"line":63,"column":22},"end":{"line":63,"column":34}},"loc":{"start":{"line":63,"column":34},"end":{"line":66,"column":null}},"line":63},"7":{"name":"(anonymous_7)","decl":{"start":{"line":72,"column":2},"end":{"line":72,"column":18}},"loc":{"start":{"line":72,"column":18},"end":{"line":77,"column":6}},"line":72},"8":{"name":"(anonymous_8)","decl":{"start":{"line":75,"column":25},"end":{"line":75,"column":42}},"loc":{"start":{"line":75,"column":42},"end":{"line":75,"column":64}},"line":75},"9":{"name":"(anonymous_9)","decl":{"start":{"line":76,"column":4},"end":{"line":76,"column":17}},"loc":{"start":{"line":76,"column":17},"end":{"line":76,"column":43}},"line":76},"10":{"name":"(anonymous_10)","decl":{"start":{"line":79,"column":2},"end":{"line":79,"column":18}},"loc":{"start":{"line":79,"column":18},"end":{"line":87,"column":7}},"line":79},"11":{"name":"(anonymous_11)","decl":{"start":{"line":80,"column":30},"end":{"line":80,"column":48}},"loc":{"start":{"line":80,"column":48},"end":{"line":84,"column":12}},"line":80},"12":{"name":"(anonymous_12)","decl":{"start":{"line":83,"column":13},"end":{"line":83,"column":30}},"loc":{"start":{"line":83,"column":30},"end":{"line":83,"column":52}},"line":83},"13":{"name":"(anonymous_13)","decl":{"start":{"line":86,"column":4},"end":{"line":86,"column":17}},"loc":{"start":{"line":86,"column":17},"end":{"line":86,"column":49}},"line":86},"14":{"name":"(anonymous_14)","decl":{"start":{"line":89,"column":2},"end":{"line":89,"column":18}},"loc":{"start":{"line":89,"column":18},"end":{"line":106,"column":6}},"line":89},"15":{"name":"(anonymous_15)","decl":{"start":{"line":92,"column":32},"end":{"line":92,"column":49}},"loc":{"start":{"line":92,"column":49},"end":{"line":96,"column":12}},"line":92},"16":{"name":"(anonymous_16)","decl":{"start":{"line":98,"column":31},"end":{"line":98,"column":48}},"loc":{"start":{"line":98,"column":48},"end":{"line":100,"column":13}},"line":98},"17":{"name":"(anonymous_17)","decl":{"start":{"line":102,"column":4},"end":{"line":102,"column":17}},"loc":{"start":{"line":102,"column":17},"end":{"line":104,"column":null}},"line":102},"18":{"name":"(anonymous_18)","decl":{"start":{"line":108,"column":24},"end":{"line":108,"column":null}},"loc":{"start":{"line":110,"column":6},"end":{"line":113,"column":9}},"line":110},"19":{"name":"(anonymous_19)","decl":{"start":{"line":110,"column":17},"end":{"line":110,"column":22}},"loc":{"start":{"line":110,"column":32},"end":{"line":113,"column":9}},"line":110},"20":{"name":"(anonymous_20)","decl":{"start":{"line":117,"column":21},"end":{"line":117,"column":null}},"loc":{"start":{"line":119,"column":6},"end":{"line":125,"column":9}},"line":119},"21":{"name":"(anonymous_21)","decl":{"start":{"line":119,"column":13},"end":{"line":119,"column":18}},"loc":{"start":{"line":119,"column":29},"end":{"line":125,"column":9}},"line":119},"22":{"name":"(anonymous_22)","decl":{"start":{"line":133,"column":44},"end":{"line":133,"column":50}},"loc":{"start":{"line":133,"column":59},"end":{"line":133,"column":79}},"line":133},"23":{"name":"(anonymous_23)","decl":{"start":{"line":134,"column":44},"end":{"line":134,"column":50}},"loc":{"start":{"line":134,"column":59},"end":{"line":134,"column":79}},"line":134},"24":{"name":"(anonymous_24)","decl":{"start":{"line":136,"column":23},"end":{"line":136,"column":null}},"loc":{"start":{"line":138,"column":6},"end":{"line":147,"column":50}},"line":138},"25":{"name":"(anonymous_25)","decl":{"start":{"line":139,"column":9},"end":{"line":139,"column":14}},"loc":{"start":{"line":139,"column":24},"end":{"line":146,"column":null}},"line":139},"26":{"name":"(anonymous_26)","decl":{"start":{"line":147,"column":9},"end":{"line":147,"column":15}},"loc":{"start":{"line":147,"column":24},"end":{"line":147,"column":50}},"line":147},"27":{"name":"(anonymous_27)","decl":{"start":{"line":154,"column":29},"end":{"line":154,"column":44}},"loc":{"start":{"line":154,"column":44},"end":{"line":154,"column":81}},"line":154},"28":{"name":"(anonymous_28)","decl":{"start":{"line":158,"column":27},"end":{"line":158,"column":41}},"loc":{"start":{"line":158,"column":41},"end":{"line":167,"column":6}},"line":158},"29":{"name":"(anonymous_29)","decl":{"start":{"line":159,"column":25},"end":{"line":159,"column":32}},"loc":{"start":{"line":159,"column":37},"end":{"line":159,"column":49}},"line":159},"30":{"name":"(anonymous_30)","decl":{"start":{"line":159,"column":50},"end":{"line":159,"column":54}},"loc":{"start":{"line":159,"column":60},"end":{"line":166,"column":null}},"line":159},"31":{"name":"(anonymous_31)","decl":{"start":{"line":189,"column":8},"end":{"line":189,"column":38}},"loc":{"start":{"line":189,"column":38},"end":{"line":192,"column":null}},"line":189},"32":{"name":"(anonymous_32)","decl":{"start":{"line":195,"column":8},"end":{"line":195,"column":29}},"loc":{"start":{"line":195,"column":36},"end":{"line":203,"column":null}},"line":195},"33":{"name":"(anonymous_33)","decl":{"start":{"line":249,"column":16},"end":{"line":249,"column":31}},"loc":{"start":{"line":249,"column":31},"end":{"line":255,"column":null}},"line":249},"34":{"name":"(anonymous_34)","decl":{"start":{"line":327,"column":20},"end":{"line":327,"column":35}},"loc":{"start":{"line":327,"column":35},"end":{"line":327,"column":54}},"line":327},"35":{"name":"(anonymous_35)","decl":{"start":{"line":435,"column":34},"end":{"line":435,"column":39}},"loc":{"start":{"line":436,"column":18},"end":{"line":451,"column":null}},"line":436},"36":{"name":"(anonymous_36)","decl":{"start":{"line":480,"column":42},"end":{"line":480,"column":47}},"loc":{"start":{"line":481,"column":18},"end":{"line":499,"column":null}},"line":481},"37":{"name":"(anonymous_37)","decl":{"start":{"line":515,"column":14},"end":{"line":515,"column":29}},"loc":{"start":{"line":515,"column":29},"end":{"line":515,"column":48}},"line":515},"38":{"name":"(anonymous_38)","decl":{"start":{"line":557,"column":14},"end":{"line":557,"column":29}},"loc":{"start":{"line":557,"column":29},"end":{"line":557,"column":67}},"line":557},"39":{"name":"(anonymous_39)","decl":{"start":{"line":557,"column":29},"end":{"line":557,"column":46}},"loc":{"start":{"line":557,"column":58},"end":{"line":557,"column":67}},"line":557},"40":{"name":"(anonymous_40)","decl":{"start":{"line":582,"column":32},"end":{"line":582,"column":37}},"loc":{"start":{"line":583,"column":16},"end":{"line":596,"column":null}},"line":583},"41":{"name":"(anonymous_41)","decl":{"start":{"line":587,"column":18},"end":{"line":587,"column":33}},"loc":{"start":{"line":587,"column":33},"end":{"line":587,"column":65}},"line":587},"42":{"name":"(anonymous_42)","decl":{"start":{"line":609,"column":8},"end":{"line":609,"column":23}},"loc":{"start":{"line":609,"column":23},"end":{"line":609,"column":42}},"line":609},"43":{"name":"(anonymous_43)","decl":{"start":{"line":624,"column":14},"end":{"line":624,"column":29}},"loc":{"start":{"line":624,"column":29},"end":{"line":624,"column":null}},"line":624}},"branchMap":{"0":{"loc":{"start":{"line":32,"column":2},"end":{"line":32,"column":null}},"type":"if","locations":[{"start":{"line":32,"column":2},"end":{"line":32,"column":null}},{"start":{},"end":{}}],"line":32},"1":{"loc":{"start":{"line":32,"column":6},"end":{"line":32,"column":20}},"type":"binary-expr","locations":[{"start":{"line":32,"column":6},"end":{"line":32,"column":15}},{"start":{"line":32,"column":15},"end":{"line":32,"column":20}}],"line":32},"2":{"loc":{"start":{"line":55,"column":4},"end":{"line":58,"column":null}},"type":"if","locations":[{"start":{"line":55,"column":4},"end":{"line":58,"column":null}},{"start":{"line":57,"column":11},"end":{"line":58,"column":null}}],"line":55},"3":{"loc":{"start":{"line":64,"column":44},"end":{"line":64,"column":75}},"type":"binary-expr","locations":[{"start":{"line":64,"column":44},"end":{"line":64,"column":63}},{"start":{"line":64,"column":63},"end":{"line":64,"column":75}}],"line":64},"4":{"loc":{"start":{"line":65,"column":6},"end":{"line":66,"column":null}},"type":"if","locations":[{"start":{"line":65,"column":6},"end":{"line":66,"column":null}},{"start":{},"end":{}}],"line":65},"5":{"loc":{"start":{"line":90,"column":4},"end":{"line":90,"column":null}},"type":"if","locations":[{"start":{"line":90,"column":4},"end":{"line":90,"column":null}},{"start":{},"end":{}}],"line":90},"6":{"loc":{"start":{"line":93,"column":22},"end":{"line":93,"column":null}},"type":"cond-expr","locations":[{"start":{"line":93,"column":45},"end":{"line":93,"column":49}},{"start":{"line":93,"column":49},"end":{"line":93,"column":null}}],"line":93},"7":{"loc":{"start":{"line":152,"column":33},"end":{"line":152,"column":null}},"type":"cond-expr","locations":[{"start":{"line":152,"column":56},"end":{"line":152,"column":65}},{"start":{"line":152,"column":65},"end":{"line":152,"column":null}}],"line":152},"8":{"loc":{"start":{"line":164,"column":17},"end":{"line":164,"column":null}},"type":"cond-expr","locations":[{"start":{"line":164,"column":34},"end":{"line":164,"column":41}},{"start":{"line":164,"column":41},"end":{"line":164,"column":null}}],"line":164},"9":{"loc":{"start":{"line":164,"column":41},"end":{"line":164,"column":null}},"type":"cond-expr","locations":[{"start":{"line":164,"column":58},"end":{"line":164,"column":65}},{"start":{"line":164,"column":65},"end":{"line":164,"column":null}}],"line":164},"10":{"loc":{"start":{"line":169,"column":4},"end":{"line":185,"column":null}},"type":"cond-expr","locations":[{"start":{"line":170,"column":8},"end":{"line":177,"column":null}},{"start":{"line":178,"column":8},"end":{"line":185,"column":null}}],"line":169},"11":{"loc":{"start":{"line":196,"column":4},"end":{"line":199,"column":null}},"type":"if","locations":[{"start":{"line":196,"column":4},"end":{"line":199,"column":null}},{"start":{"line":198,"column":11},"end":{"line":199,"column":null}}],"line":196},"12":{"loc":{"start":{"line":199,"column":21},"end":{"line":199,"column":62}},"type":"cond-expr","locations":[{"start":{"line":199,"column":46},"end":{"line":199,"column":55}},{"start":{"line":199,"column":55},"end":{"line":199,"column":62}}],"line":199},"13":{"loc":{"start":{"line":207,"column":4},"end":{"line":211,"column":null}},"type":"cond-expr","locations":[{"start":{"line":208,"column":8},"end":{"line":208,"column":null}},{"start":{"line":209,"column":8},"end":{"line":211,"column":null}}],"line":207},"14":{"loc":{"start":{"line":209,"column":8},"end":{"line":211,"column":null}},"type":"cond-expr","locations":[{"start":{"line":210,"column":10},"end":{"line":210,"column":null}},{"start":{"line":211,"column":10},"end":{"line":211,"column":null}}],"line":209},"15":{"loc":{"start":{"line":215,"column":7},"end":{"line":227,"column":null}},"type":"binary-expr","locations":[{"start":{"line":215,"column":7},"end":{"line":215,"column":null}},{"start":{"line":216,"column":8},"end":{"line":227,"column":null}}],"line":215},"16":{"loc":{"start":{"line":231,"column":122},"end":{"line":231,"column":182}},"type":"cond-expr","locations":[{"start":{"line":231,"column":136},"end":{"line":231,"column":169}},{"start":{"line":231,"column":169},"end":{"line":231,"column":182}}],"line":231},"17":{"loc":{"start":{"line":248,"column":28},"end":{"line":248,"column":null}},"type":"cond-expr","locations":[{"start":{"line":248,"column":45},"end":{"line":248,"column":73}},{"start":{"line":248,"column":73},"end":{"line":248,"column":null}}],"line":248},"18":{"loc":{"start":{"line":252,"column":18},"end":{"line":255,"column":null}},"type":"if","locations":[{"start":{"line":252,"column":18},"end":{"line":255,"column":null}},{"start":{"line":254,"column":25},"end":{"line":255,"column":null}}],"line":252},"19":{"loc":{"start":{"line":258,"column":209},"end":{"line":258,"column":null}},"type":"cond-expr","locations":[{"start":{"line":258,"column":226},"end":{"line":258,"column":311}},{"start":{"line":258,"column":311},"end":{"line":258,"column":null}}],"line":258},"20":{"loc":{"start":{"line":265,"column":17},"end":{"line":265,"column":null}},"type":"cond-expr","locations":[{"start":{"line":265,"column":32},"end":{"line":265,"column":53}},{"start":{"line":265,"column":53},"end":{"line":265,"column":null}}],"line":265},"21":{"loc":{"start":{"line":274,"column":143},"end":{"line":274,"column":null}},"type":"cond-expr","locations":[{"start":{"line":274,"column":157},"end":{"line":274,"column":195}},{"start":{"line":274,"column":195},"end":{"line":274,"column":null}}],"line":274},"22":{"loc":{"start":{"line":276,"column":17},"end":{"line":281,"column":null}},"type":"cond-expr","locations":[{"start":{"line":277,"column":18},"end":{"line":281,"column":19}},{"start":{"line":281,"column":18},"end":{"line":281,"column":null}}],"line":276},"23":{"loc":{"start":{"line":285,"column":19},"end":{"line":285,"column":null}},"type":"cond-expr","locations":[{"start":{"line":285,"column":33},"end":{"line":285,"column":100}},{"start":{"line":285,"column":100},"end":{"line":285,"column":null}}],"line":285},"24":{"loc":{"start":{"line":288,"column":17},"end":{"line":291,"column":null}},"type":"cond-expr","locations":[{"start":{"line":289,"column":18},"end":{"line":291,"column":19}},{"start":{"line":291,"column":18},"end":{"line":291,"column":null}}],"line":288},"25":{"loc":{"start":{"line":295,"column":19},"end":{"line":295,"column":null}},"type":"cond-expr","locations":[{"start":{"line":295,"column":33},"end":{"line":295,"column":82}},{"start":{"line":295,"column":82},"end":{"line":295,"column":null}}],"line":295},"26":{"loc":{"start":{"line":300,"column":17},"end":{"line":315,"column":17}},"type":"binary-expr","locations":[{"start":{"line":300,"column":17},"end":{"line":300,"column":null}},{"start":{"line":301,"column":18},"end":{"line":315,"column":17}}],"line":300},"27":{"loc":{"start":{"line":318,"column":32},"end":{"line":318,"column":null}},"type":"cond-expr","locations":[{"start":{"line":318,"column":62},"end":{"line":318,"column":90}},{"start":{"line":318,"column":90},"end":{"line":318,"column":null}}],"line":318},"28":{"loc":{"start":{"line":322,"column":21},"end":{"line":322,"column":null}},"type":"cond-expr","locations":[{"start":{"line":322,"column":51},"end":{"line":322,"column":68}},{"start":{"line":322,"column":68},"end":{"line":322,"column":null}}],"line":322},"29":{"loc":{"start":{"line":357,"column":9},"end":{"line":378,"column":null}},"type":"binary-expr","locations":[{"start":{"line":357,"column":9},"end":{"line":357,"column":null}},{"start":{"line":358,"column":10},"end":{"line":378,"column":null}}],"line":357},"30":{"loc":{"start":{"line":384,"column":7},"end":{"line":388,"column":null}},"type":"cond-expr","locations":[{"start":{"line":385,"column":8},"end":{"line":388,"column":null}},{"start":{"line":388,"column":10},"end":{"line":388,"column":null}}],"line":384},"31":{"loc":{"start":{"line":385,"column":71},"end":{"line":385,"column":null}},"type":"cond-expr","locations":[{"start":{"line":385,"column":106},"end":{"line":385,"column":146}},{"start":{"line":385,"column":146},"end":{"line":385,"column":null}}],"line":385},"32":{"loc":{"start":{"line":400,"column":7},"end":{"line":541,"column":null}},"type":"binary-expr","locations":[{"start":{"line":400,"column":7},"end":{"line":400,"column":null}},{"start":{"line":401,"column":8},"end":{"line":541,"column":null}}],"line":400},"33":{"loc":{"start":{"line":403,"column":11},"end":{"line":502,"column":null}},"type":"cond-expr","locations":[{"start":{"line":404,"column":12},"end":{"line":454,"column":null}},{"start":{"line":456,"column":12},"end":{"line":502,"column":null}}],"line":403},"34":{"loc":{"start":{"line":425,"column":17},"end":{"line":430,"column":null}},"type":"binary-expr","locations":[{"start":{"line":425,"column":17},"end":{"line":425,"column":null}},{"start":{"line":426,"column":18},"end":{"line":430,"column":null}}],"line":425},"35":{"loc":{"start":{"line":449,"column":42},"end":{"line":449,"column":null}},"type":"cond-expr","locations":[{"start":{"line":449,"column":66},"end":{"line":449,"column":79}},{"start":{"line":449,"column":79},"end":{"line":449,"column":null}}],"line":449},"36":{"loc":{"start":{"line":449,"column":79},"end":{"line":449,"column":null}},"type":"cond-expr","locations":[{"start":{"line":449,"column":103},"end":{"line":449,"column":112}},{"start":{"line":449,"column":112},"end":{"line":449,"column":null}}],"line":449},"37":{"loc":{"start":{"line":484,"column":22},"end":{"line":484,"column":null}},"type":"cond-expr","locations":[{"start":{"line":484,"column":36},"end":{"line":484,"column":74}},{"start":{"line":484,"column":74},"end":{"line":484,"column":null}}],"line":484},"38":{"loc":{"start":{"line":546,"column":7},"end":{"line":602,"column":null}},"type":"binary-expr","locations":[{"start":{"line":546,"column":7},"end":{"line":546,"column":null}},{"start":{"line":547,"column":6},"end":{"line":602,"column":null}}],"line":546},"39":{"loc":{"start":{"line":556,"column":26},"end":{"line":556,"column":null}},"type":"cond-expr","locations":[{"start":{"line":556,"column":41},"end":{"line":556,"column":64}},{"start":{"line":556,"column":64},"end":{"line":556,"column":null}}],"line":556},"40":{"loc":{"start":{"line":560,"column":15},"end":{"line":560,"column":null}},"type":"cond-expr","locations":[{"start":{"line":560,"column":30},"end":{"line":560,"column":48}},{"start":{"line":560,"column":48},"end":{"line":560,"column":null}}],"line":560},"41":{"loc":{"start":{"line":573,"column":9},"end":{"line":602,"column":null}},"type":"cond-expr","locations":[{"start":{"line":574,"column":10},"end":{"line":602,"column":null}},{"start":{"line":602,"column":12},"end":{"line":602,"column":null}}],"line":573},"42":{"loc":{"start":{"line":615,"column":7},"end":{"line":628,"column":null}},"type":"cond-expr","locations":[{"start":{"line":616,"column":8},"end":{"line":628,"column":null}},{"start":{"line":628,"column":10},"end":{"line":628,"column":null}}],"line":615}},"s":{"0":2,"1":2,"2":26,"3":26,"4":26,"5":193,"6":26,"7":0,"8":26,"9":26,"10":26,"11":26,"12":7,"13":7,"14":7,"15":7,"16":7,"17":7,"18":7,"19":7,"20":7,"21":7,"22":7,"23":7,"24":3,"25":0,"26":3,"27":7,"28":3,"29":3,"30":3,"31":0,"32":3,"33":7,"34":3,"35":3,"36":3,"37":0,"38":3,"39":3,"40":7,"41":3,"42":0,"43":0,"44":0,"45":0,"46":3,"47":3,"48":7,"49":3,"50":3,"51":0,"52":0,"53":0,"54":0,"55":0,"56":0,"57":0,"58":0,"59":0,"60":7,"61":3,"62":33,"63":7,"64":3,"65":12,"66":7,"67":7,"68":7,"69":7,"70":7,"71":182,"72":7,"73":203,"74":7,"75":3,"76":12,"77":12,"78":15,"79":7,"80":7,"81":7,"82":7,"83":4,"84":7,"85":7,"86":7,"87":3,"88":33,"89":15,"90":15,"91":7,"92":7,"93":7,"94":0,"95":0,"96":0,"97":7,"98":0,"99":0,"100":0,"101":0,"102":0,"103":0,"104":7,"105":7,"106":1,"107":1,"108":1,"109":0,"110":1,"111":0,"112":0,"113":21,"114":0,"115":0,"116":0,"117":0,"118":0,"119":0,"120":0},"f":{"0":26,"1":26,"2":193,"3":7,"4":3,"5":3,"6":3,"7":3,"8":0,"9":3,"10":3,"11":0,"12":0,"13":3,"14":3,"15":0,"16":0,"17":0,"18":3,"19":33,"20":3,"21":12,"22":182,"23":203,"24":3,"25":12,"26":15,"27":4,"28":3,"29":33,"30":15,"31":0,"32":0,"33":1,"34":0,"35":0,"36":21,"37":0,"38":0,"39":0,"40":0,"41":0,"42":0,"43":0},"b":{"0":[0,26],"1":[26,26],"2":[0,3],"3":[3,3],"4":[0,3],"5":[3,0],"6":[0,0],"7":[0,7],"8":[6,9],"9":[6,3],"10":[0,7],"11":[0,0],"12":[0,0],"13":[0,7],"14":[0,7],"15":[7,0],"16":[0,7],"17":[1,6],"18":[0,1],"19":[1,6],"20":[4,3],"21":[7,0],"22":[7,0],"23":[7,0],"24":[7,0],"25":[7,0],"26":[7,0],"27":[7,0],"28":[7,0],"29":[7,7],"30":[0,7],"31":[0,0],"32":[7,7],"33":[0,7],"34":[0,0],"35":[0,0],"36":[0,0],"37":[7,14],"38":[7,7],"39":[0,7],"40":[0,7],"41":[0,7],"42":[0,7]},"meta":{"lastBranch":43,"lastFunction":44,"lastStatement":121,"seen":{"s:21:15:21:Infinity":0,"s:22:20:26:Infinity":1,"f:28:9:28:27":0,"s:29:15:29:59":2,"f:29:21:29:27":1,"s:29:36:29:59":3,"s:30:13:30:55":4,"f:30:19:30:25":2,"s:30:34:30:55":5,"b:32:2:32:Infinity:undefined:undefined:undefined:undefined":0,"s:32:2:32:Infinity":6,"b:32:6:32:15:32:15:32:20":1,"s:32:20:32:Infinity":7,"s:34:17:34:Infinity":8,"s:35:17:35:Infinity":9,"s:36:19:36:63":10,"s:37:2:37:Infinity":11,"f:40:24:40:34":3,"s:41:9:41:36":12,"s:42:48:42:Infinity":13,"s:44:25:44:61":14,"s:45:22:45:87":15,"s:46:21:46:53":16,"s:47:23:47:57":17,"s:48:24:48:64":18,"s:49:23:49:57":19,"s:50:27:50:66":20,"s:51:23:51:53":21,"s:52:8:52:36":22,"s:54:2:60:Infinity":23,"f:54:2:54:18":4,"b:55:4:58:Infinity:57:11:58:Infinity":2,"s:55:4:58:Infinity":24,"s:56:6:56:Infinity":25,"s:58:6:58:Infinity":26,"s:62:2:70:Infinity":27,"f:62:2:62:18":5,"s:63:22:66:Infinity":28,"f:63:22:63:34":6,"s:64:19:64:75":29,"b:64:44:64:63:64:63:64:75":3,"b:65:6:66:Infinity:undefined:undefined:undefined:undefined":4,"s:65:6:66:Infinity":30,"s:66:8:66:Infinity":31,"s:69:4:69:Infinity":32,"s:72:2:77:Infinity":33,"f:72:2:72:18":7,"s:73:4:73:Infinity":34,"s:74:4:74:Infinity":35,"s:75:18:75:70":36,"f:75:25:75:42":8,"s:75:42:75:64":37,"s:76:4:76:Infinity":38,"f:76:4:76:17":9,"s:76:17:76:43":39,"s:79:2:87:Infinity":40,"f:79:2:79:18":10,"s:80:23:84:12":41,"f:80:30:80:48":11,"s:81:6:81:Infinity":42,"s:82:6:82:Infinity":43,"s:83:6:83:Infinity":44,"f:83:13:83:30":12,"s:83:30:83:52":45,"s:86:4:86:Infinity":46,"f:86:4:86:17":13,"s:86:17:86:49":47,"s:89:2:106:Infinity":48,"f:89:2:89:18":14,"b:90:4:90:Infinity:undefined:undefined:undefined:undefined":5,"s:90:4:90:Infinity":49,"s:90:43:90:Infinity":50,"s:92:25:96:12":51,"f:92:32:92:49":15,"s:93:22:93:Infinity":52,"b:93:45:93:49:93:49:93:Infinity":6,"s:94:6:94:Infinity":53,"s:95:6:95:Infinity":54,"s:98:24:100:13":55,"f:98:31:98:48":16,"s:99:6:99:Infinity":56,"s:102:4:104:Infinity":57,"f:102:4:102:17":17,"s:103:6:103:Infinity":58,"s:104:6:104:Infinity":59,"s:108:8:114:Infinity":60,"f:108:24:108:Infinity":18,"s:110:6:113:9":61,"f:110:17:110:22":19,"s:110:32:113:9":62,"s:117:8:126:Infinity":63,"f:117:21:117:Infinity":20,"s:119:6:125:9":64,"f:119:13:119:18":21,"s:119:29:125:9":65,"s:129:8:129:62":66,"s:130:8:130:82":67,"s:131:8:131:68":68,"s:132:21:132:81":69,"s:133:22:133:Infinity":70,"f:133:44:133:50":22,"s:133:59:133:79":71,"s:134:22:134:Infinity":72,"f:134:44:134:50":23,"s:134:59:134:79":73,"s:136:8:148:Infinity":74,"f:136:23:136:Infinity":24,"s:138:6:147:50":75,"f:139:9:139:14":25,"s:140:27:140:89":76,"s:141:10:145:Infinity":77,"f:147:9:147:15":26,"s:147:24:147:50":78,"s:151:21:151:Infinity":79,"s:152:33:152:Infinity":80,"b:152:56:152:65:152:65:152:Infinity":7,"s:153:26:153:90":81,"s:154:8:154:111":82,"f:154:29:154:44":27,"s:154:44:154:81":83,"s:155:8:155:90":84,"s:156:8:156:63":85,"s:158:8:167:21":86,"f:158:27:158:41":28,"s:159:4:166:Infinity":87,"f:159:25:159:32":29,"s:159:37:159:49":88,"f:159:50:159:54":30,"s:160:19:160:60":89,"s:161:6:165:Infinity":90,"b:164:34:164:41:164:41:164:Infinity":8,"b:164:58:164:65:164:65:164:Infinity":9,"s:169:4:185:Infinity":91,"b:170:8:177:Infinity:178:8:185:Infinity":10,"s:187:23:187:Infinity":92,"s:189:8:192:Infinity":93,"f:189:8:189:38":31,"s:190:4:190:Infinity":94,"s:191:4:191:Infinity":95,"s:192:4:192:Infinity":96,"s:195:8:203:Infinity":97,"f:195:8:195:29":32,"b:196:4:199:Infinity:198:11:199:Infinity":11,"s:196:4:199:Infinity":98,"s:197:6:197:Infinity":99,"s:199:6:199:Infinity":100,"b:199:46:199:55:199:55:199:62":12,"s:201:4:201:Infinity":101,"s:202:4:202:Infinity":102,"s:203:4:203:Infinity":103,"s:207:4:211:Infinity":104,"b:208:8:208:Infinity:209:8:211:Infinity":13,"b:210:10:210:Infinity:211:10:211:Infinity":14,"s:213:2:628:Infinity":105,"b:215:7:215:Infinity:216:8:227:Infinity":15,"b:231:136:231:169:231:169:231:182":16,"b:248:45:248:73:248:73:248:Infinity":17,"f:249:16:249:31":33,"s:250:34:250:Infinity":106,"s:251:18:251:Infinity":107,"b:252:18:255:Infinity:254:25:255:Infinity":18,"s:252:18:255:Infinity":108,"s:253:20:253:Infinity":109,"s:255:20:255:Infinity":110,"b:258:226:258:311:258:311:258:Infinity":19,"b:265:32:265:53:265:53:265:Infinity":20,"b:274:157:274:195:274:195:274:Infinity":21,"b:277:18:281:19:281:18:281:Infinity":22,"b:285:33:285:100:285:100:285:Infinity":23,"b:289:18:291:19:291:18:291:Infinity":24,"b:295:33:295:82:295:82:295:Infinity":25,"b:300:17:300:Infinity:301:18:315:17":26,"b:318:62:318:90:318:90:318:Infinity":27,"b:322:51:322:68:322:68:322:Infinity":28,"f:327:20:327:35":34,"s:327:35:327:54":111,"b:357:9:357:Infinity:358:10:378:Infinity":29,"b:385:8:388:Infinity:388:10:388:Infinity":30,"b:385:106:385:146:385:146:385:Infinity":31,"b:400:7:400:Infinity:401:8:541:Infinity":32,"b:404:12:454:Infinity:456:12:502:Infinity":33,"b:425:17:425:Infinity:426:18:430:Infinity":34,"f:435:34:435:39":35,"s:436:18:451:Infinity":112,"b:449:66:449:79:449:79:449:Infinity":35,"b:449:103:449:112:449:112:449:Infinity":36,"f:480:42:480:47":36,"s:481:18:499:Infinity":113,"b:484:36:484:74:484:74:484:Infinity":37,"f:515:14:515:29":37,"s:515:29:515:48":114,"b:546:7:546:Infinity:547:6:602:Infinity":38,"b:556:41:556:64:556:64:556:Infinity":39,"f:557:14:557:29":38,"s:557:29:557:67":115,"f:557:29:557:46":39,"s:557:58:557:67":116,"b:560:30:560:48:560:48:560:Infinity":40,"b:574:10:602:Infinity:602:12:602:Infinity":41,"f:582:32:582:37":40,"s:583:16:596:Infinity":117,"f:587:18:587:33":41,"s:587:33:587:65":118,"f:609:8:609:23":42,"s:609:23:609:42":119,"b:616:8:628:Infinity:628:10:628:Infinity":42,"f:624:14:624:29":43,"s:624:29:624:Infinity":120}}}
,"D:\\AI Crowd Intelligence and Smart Stadium Assistant\\src\\pages\\Entry.jsx": {"path":"D:\\AI Crowd Intelligence and Smart Stadium Assistant\\src\\pages\\Entry.jsx","statementMap":{"0":{"start":{"line":5,"column":8},"end":{"line":5,"column":32}},"1":{"start":{"line":6,"column":20},"end":{"line":6,"column":52}},"2":{"start":{"line":7,"column":25},"end":{"line":7,"column":60}},"3":{"start":{"line":9,"column":27},"end":{"line":14,"column":null}},"4":{"start":{"line":19,"column":2},"end":{"line":35,"column":null}},"5":{"start":{"line":20,"column":4},"end":{"line":22,"column":null}},"6":{"start":{"line":21,"column":20},"end":{"line":21,"column":74}},"7":{"start":{"line":21,"column":44},"end":{"line":21,"column":68}},"8":{"start":{"line":22,"column":6},"end":{"line":22,"column":null}},"9":{"start":{"line":22,"column":19},"end":{"line":22,"column":45}},"10":{"start":{"line":24,"column":4},"end":{"line":26,"column":null}},"11":{"start":{"line":25,"column":20},"end":{"line":25,"column":73}},"12":{"start":{"line":25,"column":44},"end":{"line":25,"column":67}},"13":{"start":{"line":26,"column":6},"end":{"line":26,"column":null}},"14":{"start":{"line":26,"column":19},"end":{"line":26,"column":45}},"15":{"start":{"line":28,"column":4},"end":{"line":33,"column":null}},"16":{"start":{"line":29,"column":20},"end":{"line":32,"column":14}},"17":{"start":{"line":30,"column":8},"end":{"line":30,"column":null}},"18":{"start":{"line":31,"column":8},"end":{"line":31,"column":null}},"19":{"start":{"line":33,"column":6},"end":{"line":33,"column":null}},"20":{"start":{"line":33,"column":19},"end":{"line":33,"column":45}},"21":{"start":{"line":37,"column":8},"end":{"line":40,"column":null}},"22":{"start":{"line":38,"column":20},"end":{"line":38,"column":null}},"23":{"start":{"line":39,"column":4},"end":{"line":39,"column":null}},"24":{"start":{"line":40,"column":4},"end":{"line":40,"column":null}},"25":{"start":{"line":43,"column":2},"end":{"line":101,"column":null}}},"fnMap":{"0":{"name":"Entry","decl":{"start":{"line":4,"column":24},"end":{"line":4,"column":30}},"loc":{"start":{"line":4,"column":56},"end":{"line":101,"column":null}},"line":4},"1":{"name":"(anonymous_1)","decl":{"start":{"line":19,"column":2},"end":{"line":19,"column":18}},"loc":{"start":{"line":19,"column":18},"end":{"line":35,"column":6}},"line":19},"2":{"name":"(anonymous_2)","decl":{"start":{"line":21,"column":27},"end":{"line":21,"column":44}},"loc":{"start":{"line":21,"column":44},"end":{"line":21,"column":68}},"line":21},"3":{"name":"(anonymous_3)","decl":{"start":{"line":22,"column":6},"end":{"line":22,"column":19}},"loc":{"start":{"line":22,"column":19},"end":{"line":22,"column":45}},"line":22},"4":{"name":"(anonymous_4)","decl":{"start":{"line":25,"column":27},"end":{"line":25,"column":44}},"loc":{"start":{"line":25,"column":44},"end":{"line":25,"column":67}},"line":25},"5":{"name":"(anonymous_5)","decl":{"start":{"line":26,"column":6},"end":{"line":26,"column":19}},"loc":{"start":{"line":26,"column":19},"end":{"line":26,"column":45}},"line":26},"6":{"name":"(anonymous_6)","decl":{"start":{"line":29,"column":27},"end":{"line":29,"column":44}},"loc":{"start":{"line":29,"column":44},"end":{"line":32,"column":14}},"line":29},"7":{"name":"(anonymous_7)","decl":{"start":{"line":33,"column":6},"end":{"line":33,"column":19}},"loc":{"start":{"line":33,"column":19},"end":{"line":33,"column":45}},"line":33},"8":{"name":"(anonymous_8)","decl":{"start":{"line":37,"column":8},"end":{"line":37,"column":27}},"loc":{"start":{"line":37,"column":27},"end":{"line":40,"column":null}},"line":37}},"branchMap":{"0":{"loc":{"start":{"line":20,"column":4},"end":{"line":22,"column":null}},"type":"if","locations":[{"start":{"line":20,"column":4},"end":{"line":22,"column":null}},{"start":{},"end":{}}],"line":20},"1":{"loc":{"start":{"line":24,"column":4},"end":{"line":26,"column":null}},"type":"if","locations":[{"start":{"line":24,"column":4},"end":{"line":26,"column":null}},{"start":{},"end":{}}],"line":24},"2":{"loc":{"start":{"line":28,"column":4},"end":{"line":33,"column":null}},"type":"if","locations":[{"start":{"line":28,"column":4},"end":{"line":33,"column":null}},{"start":{},"end":{}}],"line":28},"3":{"loc":{"start":{"line":59,"column":11},"end":{"line":75,"column":25}},"type":"binary-expr","locations":[{"start":{"line":59,"column":11},"end":{"line":59,"column":null}},{"start":{"line":60,"column":12},"end":{"line":75,"column":25}}],"line":59},"4":{"loc":{"start":{"line":75,"column":11},"end":{"line":93,"column":null}},"type":"binary-expr","locations":[{"start":{"line":75,"column":11},"end":{"line":75,"column":null}},{"start":{"line":76,"column":12},"end":{"line":93,"column":null}}],"line":75},"5":{"loc":{"start":{"line":77,"column":55},"end":{"line":77,"column":163}},"type":"cond-expr","locations":[{"start":{"line":77,"column":78},"end":{"line":77,"column":127}},{"start":{"line":77,"column":127},"end":{"line":77,"column":163}}],"line":77},"6":{"loc":{"start":{"line":81,"column":83},"end":{"line":81,"column":null}},"type":"cond-expr","locations":[{"start":{"line":81,"column":129},"end":{"line":81,"column":184}}
[...]
column":null}},"77":{"start":{"line":202,"column":4},"end":{"line":202,"column":null}},"78":{"start":{"line":203,"column":9},"end":{"line":231,"column":null}},"79":{"start":{"line":204,"column":4},"end":{"line":204,"column":null}},"80":{"start":{"line":205,"column":9},"end":{"line":231,"column":null}},"81":{"start":{"line":206,"column":4},"end":{"line":206,"column":null}},"82":{"start":{"line":210,"column":23},"end":{"line":210,"column":70}},"83":{"start":{"line":211,"column":23},"end":{"line":211,"column":36}},"84":{"start":{"line":212,"column":19},"end":{"line":212,"column":27}},"85":{"start":{"line":214,"column":4},"end":{"line":223,"column":null}},"86":{"start":{"line":215,"column":39},"end":{"line":215,"column":121}},"87":{"start":{"line":216,"column":24},"end":{"line":216,"column":65}},"88":{"start":{"line":216,"column":45},"end":{"line":216,"column":64}},"89":{"start":{"line":217,"column":27},"end":{"line":217,"column":80}},"90":{"start":{"line":218,"column":25},"end":{"line":218,"column":48}},"91":{"start":{"line":219,"column":7},"end":{"line":222,"column":null}},"92":{"start":{"line":220,"column":10},"end":{"line":220,"column":null}},"93":{"start":{"line":221,"column":10},"end":{"line":221,"column":null}},"94":{"start":{"line":224,"column":4},"end":{"line":224,"column":null}},"95":{"start":{"line":226,"column":9},"end":{"line":231,"column":null}},"96":{"start":{"line":227,"column":4},"end":{"line":227,"column":null}},"97":{"start":{"line":228,"column":9},"end":{"line":231,"column":null}},"98":{"start":{"line":229,"column":4},"end":{"line":229,"column":null}},"99":{"start":{"line":230,"column":4},"end":{"line":230,"column":null}},"100":{"start":{"line":234,"column":34},"end":{"line":234,"column":118}},"101":{"start":{"line":237,"column":16},"end":{"line":237,"column":18}},"102":{"start":{"line":238,"column":2},"end":{"line":244,"column":null}},"103":{"start":{"line":239,"column":4},"end":{"line":239,"column":null}},"104":{"start":{"line":240,"column":4},"end":{"line":242,"column":null}},"105":{"start":{"line":241,"column":6},"end":{"line":241,"column":null}},"106":{"start":{"line":243,"column":4},"end":{"line":243,"column":null}},"107":{"start":{"line":246,"column":26},"end":{"line":246,"column":71}},"108":{"start":{"line":247,"column":32},"end":{"line":247,"column":93}},"109":{"start":{"line":247,"column":53},"end":{"line":247,"column":79}},"110":{"start":{"line":248,"column":24},"end":{"line":248,"column":61}},"111":{"start":{"line":249,"column":25},"end":{"line":249,"column":86}},"112":{"start":{"line":251,"column":22},"end":{"line":253,"column":23}},"113":{"start":{"line":255,"column":2},"end":{"line":263,"column":null}}},"fnMap":{"0":{"name":"getDistance","decl":{"start":{"line":64,"column":9},"end":{"line":64,"column":20}},"loc":{"start":{"line":64,"column":35},"end":{"line":68,"column":null}},"line":64},"1":{"name":"findShortestPath","decl":{"start":{"line":83,"column":16},"end":{"line":83,"column":32}},"loc":{"start":{"line":83,"column":158},"end":{"line":172,"column":null}},"line":83},"2":{"name":"(anonymous_2)","decl":{"start":{"line":88,"column":39},"end":{"line":88,"column":40}},"loc":{"start":{"line":88,"column":44},"end":{"line":88,"column":50}},"line":88},"3":{"name":"(anonymous_3)","decl":{"start":{"line":102,"column":15},"end":{"line":102,"column":16}},"loc":{"start":{"line":102,"column":25},"end":{"line":102,"column":52}},"line":102},"4":{"name":"(anonymous_4)","decl":{"start":{"line":108,"column":40},"end":{"line":108,"column":41}},"loc":{"start":{"line":108,"column":45},"end":{"line":108,"column":63}},"line":108},"5":{"name":"(anonymous_5)","decl":{"start":{"line":114,"column":43},"end":{"line":114,"column":44}},"loc":{"start":{"line":114,"column":48},"end":{"line":114,"column":67}},"line":114},"6":{"name":"(anonymous_6)","decl":{"start":{"line":165,"column":33},"end":{"line":165,"column":34}},"loc":{"start":{"line":165,"column":38},"end":{"line":165,"column":56}},"line":165},"7":{"name":"(anonymous_7)","decl":{"start":{"line":166,"column":31},"end":{"line":166,"column":32}},"loc":{"start":{"line":166,"column":36},"end":{"line":166,"column":56}},"line":166},"8":{"name":"getGoalDestination","decl":{"start":{"line":174,"column":16},"end":{"line":174,"column":34}},"loc":{"start":{"line":174,"column":41},"end":{"line":176,"column":null}},"line":174},"9":{"name":"getBestRoute","decl":{"start":{"line":188,"column":16},"end":{"line":188,"column":28}},"loc":{"start":{"line":188,"column":89},"end":{"line":264,"column":1}},"line":188},"10":{"name":"(anonymous_10)","decl":{"start":{"line":214,"column":23},"end":{"line":214,"column":31}},"loc":{"start":{"line":214,"column":35},"end":{"line":223,"column":5}},"line":214},"11":{"name":"(anonymous_11)","decl":{"start":{"line":216,"column":40},"end":{"line":216,"column":41}},"loc":{"start":{"line":216,"column":45},"end":{"line":216,"column":64}},"line":216},"12":{"name":"(anonymous_12)","decl":{"start":{"line":247,"column":48},"end":{"line":247,"column":49}},"loc":{"start":{"line":247,"column":53},"end":{"line":247,"column":79}},"line":247}},"branchMap":{"0":{"loc":{"start":{"line":83,"column":76},"end":{"line":83,"column":96}},"type":"default-arg","locations":[{"start":{"line":83,"column":84},"end":{"line":83,"column":96}}],"line":83},"1":{"loc":{"start":{"line":83,"column":98},"end":{"line":83,"column":115}},"type":"default-arg","locations":[{"start":{"line":83,"column":112},"end":{"line":83,"column":115}}],"line":83},"2":{"loc":{"start":{"line":83,"column":117},"end":{"line":83,"column":139}},"type":"default-arg","locations":[{"start":{"line":83,"column":134},"end":{"line":83,"column":139}}],"line":83},"3":{"loc":{"start":{"line":83,"column":141},"end":{"line":83,"column":156}},"type":"default-arg","locations":[{"start":{"line":83,"column":147},"end":{"line":83,"column":156}}],"line":83},"4":{"loc":{"start":{"line":84,"column":2},"end":{"line":86,"column":null}},"type":"if","locations":[{"start":{"line":84,"column":2},"end":{"line":86,"column":null}},{"start":{},"end":{}}],"line":84},"5":{"loc":{"start":{"line":105,"column":4},"end":{"line":105,"column":null}},"type":"if","locations":[{"start":{"line":105,"column":4},"end":{"line":105,"column":null}},{"start":{},"end":{}}],"line":105},"6":{"loc":{"start":{"line":106,"column":4},"end":{"line":106,"column":null}},"type":"if","locations":[{"start":{"line":106,"column":4},"end":{"line":106,"column":null}},{"start":{},"end":{}}],"line":106},"7":{"loc":{"start":{"line":109,"column":22},"end":{"line":109,"column":53}},"type":"binary-expr","locations":[{"start":{"line":109,"column":22},"end":{"line":109,"column":47}},{"start":{"line":109,"column":51},"end":{"line":109,"column":53}}],"line":109},"8":{"loc":{"start":{"line":112,"column":6},"end":{"line":112,"column":null}},"type":"if","locations":[{"start":{"line":112,"column":6},"end":{"line":112,"column":null}},{"start":{},"end":{}}],"line":112},"9":{"loc":{"start":{"line":117,"column":6},"end":{"line":119,"column":null}},"type":"if","locations":[{"start":{"line":117,"column":6},"end":{"line":119,"column":null}},{"start":{},"end":{}}],"line":117},"10":{"loc":{"start":{"line":117,"column":10},"end":{"line":117,"column":49}},"type":"binary-expr","locations":[{"start":{"line":117,"column":10},"end":{"line":117,"column":24}},{"start":{"line":117,"column":28},"end":{"line":117,"column":49}}],"line":117},"11":{"loc":{"start":{"line":130,"column":23},"end":{"line":130,"column":55}},"type":"cond-expr","locations":[{"start":{"line":130,"column":29},"end":{"line":130,"column":43}},{"start":{"line":130,"column":46},"end":{"line":130,"column":55}}],"line":130},"12":{"loc":{"start":{"line":133,"column":6},"end":{"line":135,"column":null}},"type":"if","locations":[{"start":{"line":133,"column":6},"end":{"line":135,"column":null}},{"start":{},"end":{}}],"line":133},"13":{"loc":{"start":{"line":141,"column":6},"end":{"line":144,"column":null}},"type":"if","locations":[{"start":{"line":141,"column":6},"end":{"line":144,"column":null}},{"start":{},"end":{}}],"line":141},"14":{"loc":{"start":{"line":155,"column":2},"end":{"line":160,"column":null}},"type":"if","locations":[{"start":{"line":155,"column":2},"end":{"line":160,"column":null}},{"start":{"line":157,"column":9},"end":{"line":160,"column":null}}],"line":155},"15":{"loc":{"start":{"line":175,"column":9},"end":{"line":175,"column":42}},"type":"binary-expr","locations":[{"start":{"line":175,"column":9},"end":{"line":175,"column":32}},{"start":{"line":175,"column":36},"end":{"line":175,"column":42}}],"line":175},"16":{"loc":{"start":{"line":188,"column":67},"end":{"line":188,"column":87}},"type":"default-arg","locations":[{"start":{"line":188,"column":75},"end":{"line":188,"column":87}}],"line":188},"17":{"loc":{"start":{"line":189,"column":19},"end":{"line":189,"column":69}},"type":"binary-expr","locations":[{"start":{"line":189,"column":19},"end":{"line":189,"column":46}},{"start":{"line":189,"column":50},"end":{"line":189,"column":69}}],"line":189},"18":{"loc":{"start":{"line":190,"column":20},"end":{"line":190,"column":53}},"type":"binary-expr","locations":[{"start":{"line":190,"column":20},"end":{"line":190,"column":37}},{"start":{"line":190,"column":41},"end":{"line":190,"column":53}}],"line":190},"19":{"loc":{"start":{"line":191,"column":19},"end":{"line":191,"column":75}},"type":"cond-expr","locations":[{"start":{"line":191,"column":39},"end":{"line":191,"column":68}},{"start":{"line":191,"column":71},"end":{"line":191,"column":75}}],"line":191},"20":{"loc":{"start":{"line":193,"column":25},"end":{"line":193,"column":61}},"type":"binary-expr","locations":[{"start":{"line":193,"column":25},"end":{"line":193,"column":52}},{"start":{"line":193,"column":56},"end":{"line":193,"column":61}}],"line":193},"21":{"loc":{"start":{"line":194,"column":14},"end":{"line":194,"column":46}},"type":"binary-expr","locations":[{"start":{"line":194,"column":14},"end":{"line":194,"column":29}},{"start":{"line":194,"column":33},"end":{"line":194,"column":46}}],"line":194},"22":{"loc":{"start":{"line":200,"column":2},"end":{"line":231,"column":null}},"type":"if","locations":[{"start":{"line":200,"column":2},"end":{"line":231,"column":null}},{"start":{"line":203,"column":9},"end":{"line":231,"column":null}}],"line":200},"23":{"loc":{"start":{"line":202,"column":17},"end":{"line":202,"column":50}},"type":"binary-expr","locations":[{"start":{"line":202,"column":17},"end":{"line":202,"column":25}},{"start":{"line":202,"column":29},"end":{"line":202,"column":50}}],"line":202},"24":{"loc":{"start":{"line":203,"column":9},"end":{"line":231,"column":null}},"type":"if","locations":[{"start":{"line":203,"column":9},"end":{"line":231,"column":null}},{"start":{"line":205,"column":9},"end":{"line":231,"column":null}}],"line":203},"25":{"loc":{"start":{"line":204,"column":16},"end":{"line":204,"column":37}},"type":"binary-expr","locations":[{"start":{"line":204,"column":16},"end":{"line":204,"column":24}},{"start":{"line":204,"column":28},"end":{"line":204,"column":37}}],"line":204},"26":{"loc":{"start":{"line":205,"column":9},"end":{"line":231,"column":null}},"type":"if","locations":[{"start":{"line":205,"column":9},"end":{"line":231,"column":null}},{"start":{"line":226,"column":9},"end":{"line":231,"column":null}}],"line":205},"27":{"loc":{"start":{"line":206,"column":16},"end":{"line":206,"column":37}},"type":"binary-expr","locations":[{"start":{"line":206,"column":16},"end":{"line":206,"column":24}},{"start":{"line":206,"column":28},"end":{"line":206,"column":37}}],"line":206},"28":{"loc":{"start":{"line":219,"column":7},"end":{"line":222,"column":null}},"type":"if","locations":[{"start":{"line":219,"column":7},"end":{"line":222,"column":null}},{"start":{},"end":{}}],"line":219},"29":{"loc":{"start":{"line":226,"column":9},"end":{"line":231,"column":null}},"type":"if","locations":[{"start":{"line":226,"column":9},"end":{"line":231,"column":null}},{"start":{"line":228,"column":9},"end":{"line":231,"column":null}}],"line":226},"30":{"loc":{"start":{"line":228,"column":9},"end":{"line":231,"column":null}},"type":"if","locations":[{"start":{"line":228,"column":9},"end":{"line":231,"column":null}},{"start":{},"end":{}}],"line":228},"31":{"loc":{"start":{"line":229,"column":16},"end":{"line":229,"column":37}},"type":"binary-expr","locations":[{"start":{"line":229,"column":16},"end":{"line":229,"column":24}},{"start":{"line":229,"column":28},"end":{"line":229,"column":37}}],"line":229},"32":{"loc":{"start":{"line":238,"column":2},"end":{"line":244,"column":null}},"type":"if","locations":[{"start":{"line":238,"column":2},"end":{"line":244,"column":null}},{"start":{},"end":{}}],"line":238},"33":{"loc":{"start":{"line":240,"column":4},"end":{"line":242,"column":null}},"type":"if","locations":[{"start":{"line":240,"column":4},"end":{"line":242,"column":null}},{"start":{},"end":{}}],"line":240},"34":{"loc":{"start":{"line":246,"column":26},"end":{"line":246,"column":71}},"type":"binary-expr","locations":[{"start":{"line":246,"column":26},"end":{"line":246,"column":57}},{"start":{"line":246,"column":61},"end":{"line":246,"column":71}}],"line":246},"35":{"loc":{"start":{"line":247,"column":32},"end":{"line":247,"column":93}},"type":"binary-expr","locations":[{"start":{"line":247,"column":32},"end":{"line":247,"column":88}},{"start":{"line":247,"column":92},"end":{"line":247,"column":93}}],"line":247},"36":{"loc":{"start":{"line":251,"column":22},"end":{"line":253,"column":23}},"type":"cond-expr","locations":[{"start":{"line":252,"column":8},"end":{"line":252,"column":62}},{"start":{"line":253,"column":8},"end":{"line":253,"column":23}}],"line":251},"37":{"loc":{"start":{"line":251,"column":22},"end":{"line":251,"column":65}},"type":"binary-expr","locations":[{"start":{"line":251,"column":22},"end":{"line":251,"column":44}},{"start":{"line":251,"column":48},"end":{"line":251,"column":65}}],"line":251}},"s":{"0":3,"1":3,"2":3,"3":3,"4":154,"5":154,"6":154,"7":16,"8":0,"9":16,"10":162,"11":16,"12":16,"13":16,"14":16,"15":162,"16":162,"17":162,"18":16,"19":16,"20":74,"21":1010,"22":74,"23":74,"24":14,"25":60,"26":2,"27":58,"28":212,"29":58,"30":74,"31":174,"32":46,"33":128,"34":692,"35":128,"36":2,"37":126,"38":126,"39":126,"40":126,"41":174,"42":174,"43":56,"44":126,"45":126,"46":126,"47":110,"48":110,"49":16,"50":16,"51":16,"52":28,"53":28,"54":16,"55":14,"56":2,"57":14,"58":14,"59":14,"60":28,"61":70,"62":28,"63":126,"64":28,"65":28,"66":28,"67":10,"68":16,"69":16,"70":16,"71":16,"72":16,"73":16,"74":16,"75":16,"76":2,"77":2,"78":14,"79":0,"80":14,"81":0,"82":0,"83":0,"84":0,"85":0,"86":0,"87":0,"88":0,"89":0,"90":0,"91":0,"92":0,"93":0,"94":0,"95":14,"96":14,"97":0,"98":0,"99":0,"100":16,"101":16,"102":16,"103":16,"104":16,"105":14,"106":16,"107":16,"108":16,"109":78,"110":16,"111":16,"112":16,"113":16},"f":{"0":154,"1":16,"2":162,"3":1010,"4":212,"5":692,"6":70,"7":126,"8":10,"9":16,"10":0,"11":0,"12":78},"b":{"0":[16],"1":[16],"2":[16],"3":[16],"4":[0,16],"5":[14,60],"6":[2,58],"7":[58,0],"8":[46,128],"9":[2,126],"10":[128,18],"11":[126,0],"12":[56,118],"13":[110,16],"14":[14,2],"15":[10,0],"16":[16],"17":[16,0],"18":[16,0],"19":[16,0],"20":[16,2],"21":[16,16],"22":[2,14],"23":[2,2],"24":[0,14],"25":[0,0],"26":[0,14],"27":[0,0],"28":[0,0],"29":[14,0],"30":[0,0],"31":[0,0],"32":[16,0],"33":[14,2],"34":[16,0],"35":[16,2],"36":[2,14],"37":[16,2]},"meta":{"lastBranch":38,"lastFunction":13,"lastStatement":114,"seen":{"s:3:20:7:1":0,"s:9:26:13:1":1,"s:15:23:48:1":2,"s:50:25:62:1":3,"f:64:9:64:20":0,"s:65:13:65:30":4,"s:66:13:66:30":5,"s:67:2:67:Infinity":6,"f:83:16:83:32":1,"b:83:84:83:96":0,"b:83:112:83:115":1,"b:83:134:83:139":2,"b:83:147:83:156":3,"b:84:2:86:Infinity:undefined:undefined:undefined:undefined":4,"s:84:2:86:Infinity":7,"s:85:4:85:Infinity":8,"s:88:16:88:52":9,"f:88:39:88:40":2,"s:88:44:88:50":10,"s:89:20:89:22":11,"s:90:19:90:21":12,"s:91:16:91:18":13,"s:93:2:97:Infinity":14,"s:94:4:94:Infinity":15,"s:95:4:95:Infinity":16,"s:96:4:96:Infinity":17,"s:99:2:99:Infinity":18,"s:101:2:146:Infinity":19,"s:102:4:102:Infinity":20,"f:102:15:102:16":3,"s:102:25:102:52":21,"s:103:20:103:33":22,"b:105:4:105:Infinity:undefined:undefined:undefined:undefined":5,"s:105:4:105:Infinity":23,"s:105:36:105:Infinity":24,"b:106:4:106:Infinity:undefined:undefined:undefined:undefined":6,"s:106:4:106:Infinity":25,"s:106:41:106:Infinity":26,"s:108:24:108:64":27,"f:108:40:108:41":4,"s:108:45:108:63":28,"s:109:22:109:53":29,"b:109:22:109:47:109:51:109:53":7,"s:111:4:145:Infinity":30,"b:112:6:112:Infinity:undefined:undefined:undefined:undefined":8,"s:112:6:112:Infinity":31,"s:112:37:112:Infinity":32,"s:114:27:114:68":33,"f:114:43:114:44":5,"s:114:48:114:67":34,"b:117:6:119:Infinity:undefined:undefined:undefined:undefined":9,"s:117:6:119:Infinity":35,"b:117:10:117:24:117:28:117:49":10,"s:118:8:118:Infinity":36,"s:121:23:121:61":37,"s:125:29:125:95":38,"s:129:24:129:25":39,"s:130:23:130:55":40,"b:130:29:130:43:130:46:130:55":11,"s:131:23:131:79":41,"b:133:6:135:Infinity:undefined:undefined:undefined:undefined":12,"s:133:6:135:Infinity":42,"s:134:9:134:25":43,"s:137:19:137:75":44,"s:139:18:139:43":45,"b:141:6:144:Infinity:undefined:undefined:undefined:undefined":13,"s:141:6:144:Infinity":46,"s:142:8:142:Infinity":47,"s:143:8:143:Infinity":48,"s:148:15:148:17":49,"s:149:10:149:24":50,"s:150:2:153:Infinity":51,"s:151:4:151:Infinity":52,"s:152:4:152:Infinity":53,"b:155:2:160:Infinity:157:9:160:Infinity":14,"s:155:2:160:Infinity":54,"s:156:4:156:Infinity":55,"s:159:4:159:Infinity":56,"s:163:22:163:23":57,"s:164:2:169:Infinity":58,"s:164:15:164:16":59,"s:165:17:165:57":60,"f:165:33:165:34":6,"s:165:38:165:56":61,"s:166:15:166:57":62,"f:166:31:166:32":7,"s:166:36:166:56":63,"s:167:17:167:38":64,"s:168:4:168:Infinity":65,"s:171:2:171:Infinity":66,"f:174:16:174:34":8,"s:175:2:175:Infinity":67,"b:175:9:175:32:175:36:175:42":15,"f:188:16:188:28":9,"b:188:75:188:87":16,"s:189:19:189:69":68,"b:189:19:189:46:189:50:189:69":17,"s:190:20:190:53":69,"b:190:20:190:37:190:41:190:53":18,"s:191:19:191:75":70,"b:191:39:191:68:191:71:191:75":19,"s:193:25:193:61":71,"b:193:25:193:52:193:56:193:61":20,"s:194:14:194:46":72,"b:194:14:194:29:194:33:194:46":21,"s:197:18:197:27":73,"s:198:19:198:40":74,"b:200:2:231:Infinity:203:9:231:Infinity":22,"s:200:2:231:Infinity":75,"s:201:4:201:Infinity":76,"s:202:4:202:Infinity":77,"b:202:17:202:25:202:29:202:50":23,"b:203:9:231:Infinity:205:9:231:Infinity":24,"s:203:9:231:Infinity":78,"s:204:4:204:Infinity":79,"b:204:16:204:24:204:28:204:37":25,"b:205:9:231:Infinity:226:9:231:Infinity":26,"s:205:9:231:Infinity":80,"s:206:4:206:Infinity":81,"b:206:16:206:24:206:28:206:37":27,"s:210:23:210:70":82,"s:211:23:211:36":83,"s:212:19:212:27":84,"s:214:4:223:Infinity":85,"f:214:23:214:31":10,"s:215:39:215:121":86,"s:216:24:216:65":87,"f:216:40:216:41":11,"s:216:45:216:64":88,"s:217:27:217:80":89,"s:218:25:218:48":90,"b:219:7:222:Infinity:undefined:undefined:undefined:undefined":28,"s:219:7:222:Infinity":91,"s:220:10:220:Infinity":92,"s:221:10:221:Infinity":93,"s:224:4:224:Infinity":94,"b:226:9:231:Infinity:228:9:231:Infinity":29,"s:226:9:231:Infinity":95,"s:227:4:227:Infinity":96,"b:228:9:231:Infinity:undefined:undefined:undefined:undefined":30,"s:228:9:231:Infinity":97,"s:229:4:229:Infinity":98,"b:229:16:229:24:229:28:229:37":31,"s:230:4:230:Infinity":99,"s:234:34:234:118":100,"s:237:16:237:18":101,"b:238:2:244:Infinity:undefined:undefined:undefined:undefined":32,"s:238:2:244:Infinity":102,"s:239:4:239:Infinity":103,"b:240:4:242:Infinity:undefined:undefined:undefined:undefined":33,"s:240:4:242:Infinity":104,"s:241:6:241:Infinity":105,"s:243:4:243:Infinity":106,"s:246:26:246:71":107,"b:246:26:246:57:246:61:246:71":34,"s:247:32:247:93":108,"b:247:32:247:88:247:92:247:93":35,"f:247:48:247:49":12,"s:247:53:247:79":109,"s:248:24:248:61":110,"s:249:25:249:86":111,"s:251:22:253:23":112,"b:252:8:252:62:253:8:253:23":36,"b:251:22:251:44:251:48:251:65":37,"s:255:2:263:Infinity":113}}}
}
